2020-05-27 11:32:42.475722 [guppy/message] ONT Guppy alignment software version 3.6.0+98ff765
input path:         /home/joshl/PycharmProjects/ARS/ScriptResults/Alignment/.temp
save path:          /home/joshl/PycharmProjects/ARS/ScriptResults/Alignment/SAM_Files
alignment ref.:     /home/joshl/PycharmProjects/ARS/ScriptResults/GUPPY_ALIGNMENT_REFERENCE.txt
min. coverage:      0.6
2020-05-27 11:32:42.475906 [guppy/info] crashpad_handler not supported on this platform.
2020-05-27 11:32:42.476013 [guppy/message] Found 6 fastq files.
2020-05-27 11:32:42.476042 [guppy/info] Starting input file /home/joshl/PycharmProjects/ARS/ScriptResults/Alignment/.temp/fastq_runid_67a0761ea992f55d7000e748e88761780ca1bb60_barcode18.fastq
2020-05-27 11:32:42.874642 [guppy/info] Successfully finished input file /home/joshl/PycharmProjects/ARS/ScriptResults/Alignment/.temp/fastq_runid_67a0761ea992f55d7000e748e88761780ca1bb60_barcode18.fastq (173 reads)
2020-05-27 11:32:42.874687 [guppy/info] Starting input file /home/joshl/PycharmProjects/ARS/ScriptResults/Alignment/.temp/fastq_runid_67a0761ea992f55d7000e748e88761780ca1bb60_barcode61.fastq
2020-05-27 11:32:43.160275 [guppy/info] Successfully finished input file /home/joshl/PycharmProjects/ARS/ScriptResults/Alignment/.temp/fastq_runid_67a0761ea992f55d7000e748e88761780ca1bb60_barcode61.fastq (133 reads)
2020-05-27 11:32:43.160318 [guppy/info] Starting input file /home/joshl/PycharmProjects/ARS/ScriptResults/Alignment/.temp/fastq_runid_67a0761ea992f55d7000e748e88761780ca1bb60_barcode17.fastq
2020-05-27 11:32:43.493902 [guppy/info] Successfully finished input file /home/joshl/PycharmProjects/ARS/ScriptResults/Alignment/.temp/fastq_runid_67a0761ea992f55d7000e748e88761780ca1bb60_barcode17.fastq (162 reads)
2020-05-27 11:32:43.493940 [guppy/info] Starting input file /home/joshl/PycharmProjects/ARS/ScriptResults/Alignment/.temp/fastq_runid_67a0761ea992f55d7000e748e88761780ca1bb60_barcode52.fastq
2020-05-27 11:32:43.894881 [guppy/info] Successfully finished input file /home/joshl/PycharmProjects/ARS/ScriptResults/Alignment/.temp/fastq_runid_67a0761ea992f55d7000e748e88761780ca1bb60_barcode52.fastq (202 reads)
2020-05-27 11:32:43.894925 [guppy/info] Starting input file /home/joshl/PycharmProjects/ARS/ScriptResults/Alignment/.temp/fastq_runid_67a0761ea992f55d7000e748e88761780ca1bb60_barcode05.fastq
2020-05-27 11:32:44.250553 [guppy/info] Successfully finished input file /home/joshl/PycharmProjects/ARS/ScriptResults/Alignment/.temp/fastq_runid_67a0761ea992f55d7000e748e88761780ca1bb60_barcode05.fastq (178 reads)
2020-05-27 11:32:44.250590 [guppy/info] Starting input file /home/joshl/PycharmProjects/ARS/ScriptResults/Alignment/.temp/fastq_runid_67a0761ea992f55d7000e748e88761780ca1bb60_barcode65.fastq
2020-05-27 11:32:44.494275 [guppy/info] Successfully finished input file /home/joshl/PycharmProjects/ARS/ScriptResults/Alignment/.temp/fastq_runid_67a0761ea992f55d7000e748e88761780ca1bb60_barcode65.fastq (115 reads)
2020-05-27 11:32:44.494322 [guppy/message] Done in 2018 ms.
