2020-05-27 11:32:44.509245 [guppy/message] ONT Guppy alignment software version 3.6.0+98ff765
input path:         /home/joshl/PycharmProjects/ARS/ScriptResults/Alignment/.temp
save path:          /home/joshl/PycharmProjects/ARS/ScriptResults/Alignment/SAM_Files
alignment ref.:     /home/joshl/PycharmProjects/ARS/ScriptResults/GUPPY_ALIGNMENT_REFERENCE.txt
min. coverage:      0.6
2020-05-27 11:32:44.509441 [guppy/info] crashpad_handler not supported on this platform.
2020-05-27 11:32:44.509552 [guppy/message] Found 7 fastq files.
2020-05-27 11:32:44.509592 [guppy/info] Starting input file /home/joshl/PycharmProjects/ARS/ScriptResults/Alignment/.temp/fastq_runid_67a0761ea992f55d7000e748e88761780ca1bb60_barcode18.fastq
2020-05-27 11:32:44.905014 [guppy/info] Successfully finished input file /home/joshl/PycharmProjects/ARS/ScriptResults/Alignment/.temp/fastq_runid_67a0761ea992f55d7000e748e88761780ca1bb60_barcode18.fastq (173 reads)
2020-05-27 11:32:44.905055 [guppy/info] Starting input file /home/joshl/PycharmProjects/ARS/ScriptResults/Alignment/.temp/fastq_runid_67a0761ea992f55d7000e748e88761780ca1bb60_barcode61.fastq
2020-05-27 11:32:45.169686 [guppy/info] Successfully finished input file /home/joshl/PycharmProjects/ARS/ScriptResults/Alignment/.temp/fastq_runid_67a0761ea992f55d7000e748e88761780ca1bb60_barcode61.fastq (133 reads)
2020-05-27 11:32:45.169725 [guppy/info] Starting input file /home/joshl/PycharmProjects/ARS/ScriptResults/Alignment/.temp/fastq_runid_67a0761ea992f55d7000e748e88761780ca1bb60_barcode17.fastq
2020-05-27 11:32:45.490982 [guppy/info] Successfully finished input file /home/joshl/PycharmProjects/ARS/ScriptResults/Alignment/.temp/fastq_runid_67a0761ea992f55d7000e748e88761780ca1bb60_barcode17.fastq (162 reads)
2020-05-27 11:32:45.491030 [guppy/info] Starting input file /home/joshl/PycharmProjects/ARS/ScriptResults/Alignment/.temp/fastq_runid_67a0761ea992f55d7000e748e88761780ca1bb60_barcode52.fastq
2020-05-27 11:32:45.911106 [guppy/info] Successfully finished input file /home/joshl/PycharmProjects/ARS/ScriptResults/Alignment/.temp/fastq_runid_67a0761ea992f55d7000e748e88761780ca1bb60_barcode52.fastq (202 reads)
2020-05-27 11:32:45.911143 [guppy/info] Starting input file /home/joshl/PycharmProjects/ARS/ScriptResults/Alignment/.temp/fastq_runid_67a0761ea992f55d7000e748e88761780ca1bb60_barcode05.fastq
2020-05-27 11:32:46.267465 [guppy/info] Successfully finished input file /home/joshl/PycharmProjects/ARS/ScriptResults/Alignment/.temp/fastq_runid_67a0761ea992f55d7000e748e88761780ca1bb60_barcode05.fastq (178 reads)
2020-05-27 11:32:46.267502 [guppy/info] Starting input file /home/joshl/PycharmProjects/ARS/ScriptResults/Alignment/.temp/fastq_runid_67a0761ea992f55d7000e748e88761780ca1bb60_barcode65.fastq
2020-05-27 11:32:46.492847 [guppy/info] Successfully finished input file /home/joshl/PycharmProjects/ARS/ScriptResults/Alignment/.temp/fastq_runid_67a0761ea992f55d7000e748e88761780ca1bb60_barcode65.fastq (115 reads)
2020-05-27 11:32:46.492889 [guppy/info] Starting input file /home/joshl/PycharmProjects/ARS/ScriptResults/Alignment/.temp/fastq_runid_67a0761ea992f55d7000e748e88761780ca1bb60_barcode81.fastq
2020-05-27 11:32:46.621332 [guppy/info] Successfully finished input file /home/joshl/PycharmProjects/ARS/ScriptResults/Alignment/.temp/fastq_runid_67a0761ea992f55d7000e748e88761780ca1bb60_barcode81.fastq (71 reads)
2020-05-27 11:32:46.621375 [guppy/message] Done in 2111 ms.
