Building DAG of jobs...
Provided cores: 1
Rules claiming more threads will be scaled down.
Job counts:
	count	jobs
	1	count_reads
	1

rule count_reads:
    input: data.txt
    jobid: 0

Error in rule count_reads:
    jobid: 0

RuleException:
NameError in line 6 of /home/joshl/PycharmProjects/snakemake/Snakefile:
The name 'files' is unknown in this context. Please make sure that you defined that variable. Also note that braces not used for variable access have to be escaped by repeating them, i.e. {{print $1}}
  File "/home/joshl/PycharmProjects/snakemake/Snakefile", line 6, in __rule_count_reads
  File "/usr/lib/python3.6/concurrent/futures/thread.py", line 56, in run
Will exit after finishing currently running jobs.
Exiting because a job execution failed. Look above for error message
Complete log: .snakemake/log/2020-06-02T103404.828853.snakemake.log
