Building DAG of jobs...
Provided cores: 1
Rules claiming more threads will be scaled down.
Job counts:
	count	jobs
	1	count_reads
	1

rule count_reads:
    input: /home/joshl/minknow_data/SBGX_CLC/FAL03879_67a0761e_163.fast5, /home/joshl/minknow_data/SBGX_CLC/FAL03879_67a0761e_539.fast5, /home/joshl/minknow_data/SBGX_CLC/FAL03879_67a0761e_11.fast5, /home/joshl/minknow_data/SBGX_CLC/FAL03879_67a0761e_806.fast5, /home/joshl/minknow_data/SBGX_CLC/FAL03879_67a0761e_1055.fast5, /home/joshl/minknow_data/SBGX_CLC/FAL03879_67a0761e_1275.fast5
    jobid: 0

Error in rule count_reads:
    jobid: 0

RuleException:
CalledProcessError in line 7 of /home/joshl/PycharmProjects/snakemake/Snakefile:
Command ' set -euo pipefail;  python ../ARS/ARS_main.py /home/joshl/minknow_data/SBGX_CLC/FAL03879_67a0761e_163.fast5 /home/joshl/minknow_data/SBGX_CLC/FAL03879_67a0761e_539.fast5 /home/joshl/minknow_data/SBGX_CLC/FAL03879_67a0761e_11.fast5 /home/joshl/minknow_data/SBGX_CLC/FAL03879_67a0761e_806.fast5 /home/joshl/minknow_data/SBGX_CLC/FAL03879_67a0761e_1055.fast5 /home/joshl/minknow_data/SBGX_CLC/FAL03879_67a0761e_1275.fast5 ' returned non-zero exit status 1.
  File "/home/joshl/PycharmProjects/snakemake/Snakefile", line 7, in __rule_count_reads
  File "/usr/lib/python3.6/concurrent/futures/thread.py", line 56, in run
Will exit after finishing currently running jobs.
Exiting because a job execution failed. Look above for error message
Complete log: .snakemake/log/2020-06-02T110456.661822.snakemake.log
