Building DAG of jobs...
Using shell: /bin/bash
Provided cores: 1 (use --cores to define parallelism)
Rules claiming more threads will be scaled down.
Job counts:
	count	jobs
	1	test
	1

[Tue Jun  2 13:09:59 2020]
rule test:
    jobid: 0

[Tue Jun  2 13:09:59 2020]
Error in rule test:
    jobid: 0

RuleException:
URLError in line 7 of /home/joshl/PycharmProjects/snakemake/Snakefile:
<urlopen error [Errno 2] No such file or directory: "/home/joshl/PycharmProjects/snakemake/scripts/test.py 'hello world'">
  File "/home/joshl/miniconda3/envs/snakemake/lib/python3.7/site-packages/snakemake/executors/__init__.py", line 2189, in run_wrapper
  File "/home/joshl/PycharmProjects/snakemake/Snakefile", line 7, in __rule_test
  File "/home/joshl/miniconda3/envs/snakemake/lib/python3.7/urllib/request.py", line 222, in urlopen
  File "/home/joshl/miniconda3/envs/snakemake/lib/python3.7/urllib/request.py", line 525, in open
  File "/home/joshl/miniconda3/envs/snakemake/lib/python3.7/urllib/request.py", line 543, in _open
  File "/home/joshl/miniconda3/envs/snakemake/lib/python3.7/urllib/request.py", line 503, in _call_chain
  File "/home/joshl/miniconda3/envs/snakemake/lib/python3.7/urllib/request.py", line 1453, in file_open
  File "/home/joshl/miniconda3/envs/snakemake/lib/python3.7/urllib/request.py", line 1492, in open_local_file
  File "/home/joshl/miniconda3/envs/snakemake/lib/python3.7/site-packages/snakemake/executors/__init__.py", line 529, in _callback
  File "/home/joshl/miniconda3/envs/snakemake/lib/python3.7/concurrent/futures/thread.py", line 57, in run
  File "/home/joshl/miniconda3/envs/snakemake/lib/python3.7/site-packages/snakemake/executors/__init__.py", line 515, in cached_or_run
  File "/home/joshl/miniconda3/envs/snakemake/lib/python3.7/site-packages/snakemake/executors/__init__.py", line 2201, in run_wrapper
Shutting down, this might take some time.
Exiting because a job execution failed. Look above for error message
Complete log: /home/joshl/PycharmProjects/snakemake/.snakemake/log/2020-06-02T130959.291611.snakemake.log
