2020-05-22 14:28:34.666021 [guppy/message] ONT Guppy alignment software version 3.6.0+98ff765
input path:         /home/joshl/PycharmProjects/ARS/ScriptResults/Trimmed_Barcodes
save path:          /home/joshl/PycharmProjects/ARS/ScriptResults/Alignment/SAM_Files
alignment ref.:     /home/joshl/PycharmProjects/ARS/ScriptResults/GUPPY_ALIGNMENT_REFERENCE.txt
min. coverage:      0.6
2020-05-22 14:28:34.666198 [guppy/info] crashpad_handler not supported on this platform.
2020-05-22 14:28:34.666537 [guppy/message] Found 77 fastq files.
2020-05-22 14:28:34.666555 [guppy/info] Starting input file /home/joshl/PycharmProjects/ARS/ScriptResults/Trimmed_Barcodes/fastq_runid_67a0761ea992f55d7000e748e88761780ca1bb60_barcode18.fastq
2020-05-22 14:28:35.046045 [guppy/info] Successfully finished input file /home/joshl/PycharmProjects/ARS/ScriptResults/Trimmed_Barcodes/fastq_runid_67a0761ea992f55d7000e748e88761780ca1bb60_barcode18.fastq (173 reads)
2020-05-22 14:28:35.046075 [guppy/info] Starting input file /home/joshl/PycharmProjects/ARS/ScriptResults/Trimmed_Barcodes/fastq_runid_67a0761ea992f55d7000e748e88761780ca1bb60_barcode61.fastq
2020-05-22 14:28:35.305794 [guppy/info] Successfully finished input file /home/joshl/PycharmProjects/ARS/ScriptResults/Trimmed_Barcodes/fastq_runid_67a0761ea992f55d7000e748e88761780ca1bb60_barcode61.fastq (133 reads)
2020-05-22 14:28:35.305828 [guppy/info] Starting input file /home/joshl/PycharmProjects/ARS/ScriptResults/Trimmed_Barcodes/fastq_runid_67a0761ea992f55d7000e748e88761780ca1bb60_barcode17.fastq
2020-05-22 14:28:35.617235 [guppy/info] Successfully finished input file /home/joshl/PycharmProjects/ARS/ScriptResults/Trimmed_Barcodes/fastq_runid_67a0761ea992f55d7000e748e88761780ca1bb60_barcode17.fastq (162 reads)
2020-05-22 14:28:35.617265 [guppy/info] Starting input file /home/joshl/PycharmProjects/ARS/ScriptResults/Trimmed_Barcodes/fastq_runid_67a0761ea992f55d7000e748e88761780ca1bb60_barcode52.fastq
2020-05-22 14:28:36.009179 [guppy/info] Successfully finished input file /home/joshl/PycharmProjects/ARS/ScriptResults/Trimmed_Barcodes/fastq_runid_67a0761ea992f55d7000e748e88761780ca1bb60_barcode52.fastq (202 reads)
2020-05-22 14:28:36.009212 [guppy/info] Starting input file /home/joshl/PycharmProjects/ARS/ScriptResults/Trimmed_Barcodes/fastq_runid_67a0761ea992f55d7000e748e88761780ca1bb60_barcode05.fastq
2020-05-22 14:28:36.355205 [guppy/info] Successfully finished input file /home/joshl/PycharmProjects/ARS/ScriptResults/Trimmed_Barcodes/fastq_runid_67a0761ea992f55d7000e748e88761780ca1bb60_barcode05.fastq (178 reads)
2020-05-22 14:28:36.355232 [guppy/info] Starting input file /home/joshl/PycharmProjects/ARS/ScriptResults/Trimmed_Barcodes/fastq_runid_67a0761ea992f55d7000e748e88761780ca1bb60_barcode65.fastq
2020-05-22 14:28:36.574440 [guppy/info] Successfully finished input file /home/joshl/PycharmProjects/ARS/ScriptResults/Trimmed_Barcodes/fastq_runid_67a0761ea992f55d7000e748e88761780ca1bb60_barcode65.fastq (115 reads)
2020-05-22 14:28:36.574469 [guppy/info] Starting input file /home/joshl/PycharmProjects/ARS/ScriptResults/Trimmed_Barcodes/fastq_runid_67a0761ea992f55d7000e748e88761780ca1bb60_barcode81.fastq
2020-05-22 14:28:36.700293 [guppy/info] Successfully finished input file /home/joshl/PycharmProjects/ARS/ScriptResults/Trimmed_Barcodes/fastq_runid_67a0761ea992f55d7000e748e88761780ca1bb60_barcode81.fastq (71 reads)
2020-05-22 14:28:36.700324 [guppy/info] Starting input file /home/joshl/PycharmProjects/ARS/ScriptResults/Trimmed_Barcodes/fastq_runid_67a0761ea992f55d7000e748e88761780ca1bb60_barcode06.fastq
2020-05-22 14:28:37.095207 [guppy/info] Successfully finished input file /home/joshl/PycharmProjects/ARS/ScriptResults/Trimmed_Barcodes/fastq_runid_67a0761ea992f55d7000e748e88761780ca1bb60_barcode06.fastq (205 reads)
2020-05-22 14:28:37.095231 [guppy/info] Starting input file /home/joshl/PycharmProjects/ARS/ScriptResults/Trimmed_Barcodes/fastq_runid_67a0761ea992f55d7000e748e88761780ca1bb60_barcode45.fastq
2020-05-22 14:28:37.349363 [guppy/info] Successfully finished input file /home/joshl/PycharmProjects/ARS/ScriptResults/Trimmed_Barcodes/fastq_runid_67a0761ea992f55d7000e748e88761780ca1bb60_barcode45.fastq (129 reads)
2020-05-22 14:28:37.349398 [guppy/info] Starting input file /home/joshl/PycharmProjects/ARS/ScriptResults/Trimmed_Barcodes/fastq_runid_67a0761ea992f55d7000e748e88761780ca1bb60_barcode26.fastq
2020-05-22 14:28:37.665235 [guppy/info] Successfully finished input file /home/joshl/PycharmProjects/ARS/ScriptResults/Trimmed_Barcodes/fastq_runid_67a0761ea992f55d7000e748e88761780ca1bb60_barcode26.fastq (164 reads)
2020-05-22 14:28:37.665268 [guppy/info] Starting input file /home/joshl/PycharmProjects/ARS/ScriptResults/Trimmed_Barcodes/fastq_runid_67a0761ea992f55d7000e748e88761780ca1bb60_barcode40.fastq
2020-05-22 14:28:37.953288 [guppy/info] Successfully finished input file /home/joshl/PycharmProjects/ARS/ScriptResults/Trimmed_Barcodes/fastq_runid_67a0761ea992f55d7000e748e88761780ca1bb60_barcode40.fastq (170 reads)
2020-05-22 14:28:37.953314 [guppy/info] Starting input file /home/joshl/PycharmProjects/ARS/ScriptResults/Trimmed_Barcodes/fastq_runid_67a0761ea992f55d7000e748e88761780ca1bb60_barcode23.fastq
2020-05-22 14:28:38.292320 [guppy/info] Successfully finished input file /home/joshl/PycharmProjects/ARS/ScriptResults/Trimmed_Barcodes/fastq_runid_67a0761ea992f55d7000e748e88761780ca1bb60_barcode23.fastq (193 reads)
2020-05-22 14:28:38.292352 [guppy/info] Starting input file /home/joshl/PycharmProjects/ARS/ScriptResults/Trimmed_Barcodes/fastq_runid_67a0761ea992f55d7000e748e88761780ca1bb60_barcode64.fastq
2020-05-22 14:28:38.618573 [guppy/info] Successfully finished input file /home/joshl/PycharmProjects/ARS/ScriptResults/Trimmed_Barcodes/fastq_runid_67a0761ea992f55d7000e748e88761780ca1bb60_barcode64.fastq (170 reads)
2020-05-22 14:28:38.618608 [guppy/info] Starting input file /home/joshl/PycharmProjects/ARS/ScriptResults/Trimmed_Barcodes/fastq_runid_67a0761ea992f55d7000e748e88761780ca1bb60_barcode53.fastq
2020-05-22 14:28:38.862817 [guppy/info] Successfully finished input file /home/joshl/PycharmProjects/ARS/ScriptResults/Trimmed_Barcodes/fastq_runid_67a0761ea992f55d7000e748e88761780ca1bb60_barcode53.fastq (137 reads)
2020-05-22 14:28:38.862851 [guppy/info] Starting input file /home/joshl/PycharmProjects/ARS/ScriptResults/Trimmed_Barcodes/fastq_runid_67a0761ea992f55d7000e748e88761780ca1bb60_unclassified.fastq
2020-05-22 14:28:56.865484 [guppy/info] Successfully finished input file /home/joshl/PycharmProjects/ARS/ScriptResults/Trimmed_Barcodes/fastq_runid_67a0761ea992f55d7000e748e88761780ca1bb60_unclassified.fastq (11596 reads)
2020-05-22 14:28:56.865517 [guppy/info] Starting input file /home/joshl/PycharmProjects/ARS/ScriptResults/Trimmed_Barcodes/fastq_runid_67a0761ea992f55d7000e748e88761780ca1bb60_barcode13.fastq
2020-05-22 14:28:57.217083 [guppy/info] Successfully finished input file /home/joshl/PycharmProjects/ARS/ScriptResults/Trimmed_Barcodes/fastq_runid_67a0761ea992f55d7000e748e88761780ca1bb60_barcode13.fastq (187 reads)
2020-05-22 14:28:57.217113 [guppy/info] Starting input file /home/joshl/PycharmProjects/ARS/ScriptResults/Trimmed_Barcodes/fastq_runid_67a0761ea992f55d7000e748e88761780ca1bb60_barcode28.fastq
2020-05-22 14:28:57.494915 [guppy/info] Successfully finished input file /home/joshl/PycharmProjects/ARS/ScriptResults/Trimmed_Barcodes/fastq_runid_67a0761ea992f55d7000e748e88761780ca1bb60_barcode28.fastq (157 reads)
2020-05-22 14:28:57.494943 [guppy/info] Starting input file /home/joshl/PycharmProjects/ARS/ScriptResults/Trimmed_Barcodes/fastq_runid_67a0761ea992f55d7000e748e88761780ca1bb60_barcode66.fastq
2020-05-22 14:28:57.699218 [guppy/info] Successfully finished input file /home/joshl/PycharmProjects/ARS/ScriptResults/Trimmed_Barcodes/fastq_runid_67a0761ea992f55d7000e748e88761780ca1bb60_barcode66.fastq (101 reads)
2020-05-22 14:28:57.699249 [guppy/info] Starting input file /home/joshl/PycharmProjects/ARS/ScriptResults/Trimmed_Barcodes/fastq_runid_67a0761ea992f55d7000e748e88761780ca1bb60_barcode67.fastq
2020-05-22 14:28:58.036539 [guppy/info] Successfully finished input file /home/joshl/PycharmProjects/ARS/ScriptResults/Trimmed_Barcodes/fastq_runid_67a0761ea992f55d7000e748e88761780ca1bb60_barcode67.fastq (162 reads)
2020-05-22 14:28:58.036569 [guppy/info] Starting input file /home/joshl/PycharmProjects/ARS/ScriptResults/Trimmed_Barcodes/fastq_runid_67a0761ea992f55d7000e748e88761780ca1bb60_barcode83.fastq
2020-05-22 14:28:58.207018 [guppy/info] Successfully finished input file /home/joshl/PycharmProjects/ARS/ScriptResults/Trimmed_Barcodes/fastq_runid_67a0761ea992f55d7000e748e88761780ca1bb60_barcode83.fastq (91 reads)
2020-05-22 14:28:58.207051 [guppy/info] Starting input file /home/joshl/PycharmProjects/ARS/ScriptResults/Trimmed_Barcodes/fastq_runid_67a0761ea992f55d7000e748e88761780ca1bb60_barcode90.fastq
2020-05-22 14:28:58.579370 [guppy/info] Successfully finished input file /home/joshl/PycharmProjects/ARS/ScriptResults/Trimmed_Barcodes/fastq_runid_67a0761ea992f55d7000e748e88761780ca1bb60_barcode90.fastq (188 reads)
2020-05-22 14:28:58.579406 [guppy/info] Starting input file /home/joshl/PycharmProjects/ARS/ScriptResults/Trimmed_Barcodes/fastq_runid_67a0761ea992f55d7000e748e88761780ca1bb60_barcode36.fastq
2020-05-22 14:28:58.881792 [guppy/info] Successfully finished input file /home/joshl/PycharmProjects/ARS/ScriptResults/Trimmed_Barcodes/fastq_runid_67a0761ea992f55d7000e748e88761780ca1bb60_barcode36.fastq (180 reads)
2020-05-22 14:28:58.881818 [guppy/info] Starting input file /home/joshl/PycharmProjects/ARS/ScriptResults/Trimmed_Barcodes/fastq_runid_67a0761ea992f55d7000e748e88761780ca1bb60_barcode02.fastq
2020-05-22 14:28:59.235324 [guppy/info] Successfully finished input file /home/joshl/PycharmProjects/ARS/ScriptResults/Trimmed_Barcodes/fastq_runid_67a0761ea992f55d7000e748e88761780ca1bb60_barcode02.fastq (169 reads)
2020-05-22 14:28:59.235353 [guppy/info] Starting input file /home/joshl/PycharmProjects/ARS/ScriptResults/Trimmed_Barcodes/fastq_runid_67a0761ea992f55d7000e748e88761780ca1bb60_barcode12.fastq
2020-05-22 14:28:59.513283 [guppy/info] Successfully finished input file /home/joshl/PycharmProjects/ARS/ScriptResults/Trimmed_Barcodes/fastq_runid_67a0761ea992f55d7000e748e88761780ca1bb60_barcode12.fastq (130 reads)
2020-05-22 14:28:59.513312 [guppy/info] Starting input file /home/joshl/PycharmProjects/ARS/ScriptResults/Trimmed_Barcodes/fastq_runid_67a0761ea992f55d7000e748e88761780ca1bb60_barcode09.fastq
2020-05-22 14:28:59.886124 [guppy/info] Successfully finished input file /home/joshl/PycharmProjects/ARS/ScriptResults/Trimmed_Barcodes/fastq_runid_67a0761ea992f55d7000e748e88761780ca1bb60_barcode09.fastq (189 reads)
2020-05-22 14:28:59.886153 [guppy/info] Starting input file /home/joshl/PycharmProjects/ARS/ScriptResults/Trimmed_Barcodes/fastq_runid_67a0761ea992f55d7000e748e88761780ca1bb60_barcode22.fastq
2020-05-22 14:29:00.265989 [guppy/info] Successfully finished input file /home/joshl/PycharmProjects/ARS/ScriptResults/Trimmed_Barcodes/fastq_runid_67a0761ea992f55d7000e748e88761780ca1bb60_barcode22.fastq (178 reads)
2020-05-22 14:29:00.266020 [guppy/info] Starting input file /home/joshl/PycharmProjects/ARS/ScriptResults/Trimmed_Barcodes/fastq_runid_67a0761ea992f55d7000e748e88761780ca1bb60_barcode95.fastq
2020-05-22 14:29:00.638679 [guppy/info] Successfully finished input file /home/joshl/PycharmProjects/ARS/ScriptResults/Trimmed_Barcodes/fastq_runid_67a0761ea992f55d7000e748e88761780ca1bb60_barcode95.fastq (186 reads)
2020-05-22 14:29:00.638709 [guppy/info] Starting input file /home/joshl/PycharmProjects/ARS/ScriptResults/Trimmed_Barcodes/fastq_runid_67a0761ea992f55d7000e748e88761780ca1bb60_barcode39.fastq
2020-05-22 14:29:00.920390 [guppy/info] Successfully finished input file /home/joshl/PycharmProjects/ARS/ScriptResults/Trimmed_Barcodes/fastq_runid_67a0761ea992f55d7000e748e88761780ca1bb60_barcode39.fastq (147 reads)
2020-05-22 14:29:00.920420 [guppy/info] Starting input file /home/joshl/PycharmProjects/ARS/ScriptResults/Trimmed_Barcodes/fastq_runid_67a0761ea992f55d7000e748e88761780ca1bb60_barcode59.fastq
2020-05-22 14:29:01.237745 [guppy/info] Successfully finished input file /home/joshl/PycharmProjects/ARS/ScriptResults/Trimmed_Barcodes/fastq_runid_67a0761ea992f55d7000e748e88761780ca1bb60_barcode59.fastq (157 reads)
2020-05-22 14:29:01.237780 [guppy/info] Starting input file /home/joshl/PycharmProjects/ARS/ScriptResults/Trimmed_Barcodes/fastq_runid_67a0761ea992f55d7000e748e88761780ca1bb60_barcode63.fastq
2020-05-22 14:29:01.585580 [guppy/info] Successfully finished input file /home/joshl/PycharmProjects/ARS/ScriptResults/Trimmed_Barcodes/fastq_runid_67a0761ea992f55d7000e748e88761780ca1bb60_barcode63.fastq (189 reads)
2020-05-22 14:29:01.585609 [guppy/info] Starting input file /home/joshl/PycharmProjects/ARS/ScriptResults/Trimmed_Barcodes/fastq_runid_67a0761ea992f55d7000e748e88761780ca1bb60_barcode54.fastq
2020-05-22 14:29:01.801854 [guppy/info] Successfully finished input file /home/joshl/PycharmProjects/ARS/ScriptResults/Trimmed_Barcodes/fastq_runid_67a0761ea992f55d7000e748e88761780ca1bb60_barcode54.fastq (111 reads)
2020-05-22 14:29:01.801881 [guppy/info] Starting input file /home/joshl/PycharmProjects/ARS/ScriptResults/Trimmed_Barcodes/fastq_runid_67a0761ea992f55d7000e748e88761780ca1bb60_barcode55.fastq
2020-05-22 14:29:03.832283 [guppy/info] Successfully finished input file /home/joshl/PycharmProjects/ARS/ScriptResults/Trimmed_Barcodes/fastq_runid_67a0761ea992f55d7000e748e88761780ca1bb60_barcode55.fastq (178 reads)
2020-05-22 14:29:03.832464 [guppy/info] Starting input file /home/joshl/PycharmProjects/ARS/ScriptResults/Trimmed_Barcodes/fastq_runid_67a0761ea992f55d7000e748e88761780ca1bb60_barcode14.fastq
2020-05-22 14:29:06.640654 [guppy/info] Successfully finished input file /home/joshl/PycharmProjects/ARS/ScriptResults/Trimmed_Barcodes/fastq_runid_67a0761ea992f55d7000e748e88761780ca1bb60_barcode14.fastq (180 reads)
2020-05-22 14:29:06.640826 [guppy/info] Starting input file /home/joshl/PycharmProjects/ARS/ScriptResults/Trimmed_Barcodes/fastq_runid_67a0761ea992f55d7000e748e88761780ca1bb60_barcode51.fastq
2020-05-22 14:29:08.178649 [guppy/info] Successfully finished input file /home/joshl/PycharmProjects/ARS/ScriptResults/Trimmed_Barcodes/fastq_runid_67a0761ea992f55d7000e748e88761780ca1bb60_barcode51.fastq (154 reads)
2020-05-22 14:29:08.178679 [guppy/info] Starting input file /home/joshl/PycharmProjects/ARS/ScriptResults/Trimmed_Barcodes/fastq_runid_67a0761ea992f55d7000e748e88761780ca1bb60_barcode38.fastq
2020-05-22 14:29:08.492018 [guppy/info] Successfully finished input file /home/joshl/PycharmProjects/ARS/ScriptResults/Trimmed_Barcodes/fastq_runid_67a0761ea992f55d7000e748e88761780ca1bb60_barcode38.fastq (170 reads)
2020-05-22 14:29:08.492050 [guppy/info] Starting input file /home/joshl/PycharmProjects/ARS/ScriptResults/Trimmed_Barcodes/fastq_runid_67a0761ea992f55d7000e748e88761780ca1bb60_barcode89.fastq
2020-05-22 14:29:08.765864 [guppy/info] Successfully finished input file /home/joshl/PycharmProjects/ARS/ScriptResults/Trimmed_Barcodes/fastq_runid_67a0761ea992f55d7000e748e88761780ca1bb60_barcode89.fastq (148 reads)
2020-05-22 14:29:08.765896 [guppy/info] Starting input file /home/joshl/PycharmProjects/ARS/ScriptResults/Trimmed_Barcodes/fastq_runid_67a0761ea992f55d7000e748e88761780ca1bb60_barcode79.fastq
2020-05-22 14:29:09.147248 [guppy/info] Successfully finished input file /home/joshl/PycharmProjects/ARS/ScriptResults/Trimmed_Barcodes/fastq_runid_67a0761ea992f55d7000e748e88761780ca1bb60_barcode79.fastq (207 reads)
2020-05-22 14:29:09.147274 [guppy/info] Starting input file /home/joshl/PycharmProjects/ARS/ScriptResults/Trimmed_Barcodes/fastq_runid_67a0761ea992f55d7000e748e88761780ca1bb60_barcode60.fastq
2020-05-22 14:29:09.433460 [guppy/info] Successfully finished input file /home/joshl/PycharmProjects/ARS/ScriptResults/Trimmed_Barcodes/fastq_runid_67a0761ea992f55d7000e748e88761780ca1bb60_barcode60.fastq (240 reads)
2020-05-22 14:29:09.433489 [guppy/info] Starting input file /home/joshl/PycharmProjects/ARS/ScriptResults/Trimmed_Barcodes/fastq_runid_67a0761ea992f55d7000e748e88761780ca1bb60_barcode49.fastq
2020-05-22 14:29:09.743021 [guppy/info] Successfully finished input file /home/joshl/PycharmProjects/ARS/ScriptResults/Trimmed_Barcodes/fastq_runid_67a0761ea992f55d7000e748e88761780ca1bb60_barcode49.fastq (161 reads)
2020-05-22 14:29:09.743052 [guppy/info] Starting input file /home/joshl/PycharmProjects/ARS/ScriptResults/Trimmed_Barcodes/fastq_runid_67a0761ea992f55d7000e748e88761780ca1bb60_barcode56.fastq
2020-05-22 14:29:10.070895 [guppy/info] Successfully finished input file /home/joshl/PycharmProjects/ARS/ScriptResults/Trimmed_Barcodes/fastq_runid_67a0761ea992f55d7000e748e88761780ca1bb60_barcode56.fastq (263 reads)
2020-05-22 14:29:10.070926 [guppy/info] Starting input file /home/joshl/PycharmProjects/ARS/ScriptResults/Trimmed_Barcodes/fastq_runid_67a0761ea992f55d7000e748e88761780ca1bb60_barcode85.fastq
2020-05-22 14:29:10.075057 [guppy/info] Successfully finished input file /home/joshl/PycharmProjects/ARS/ScriptResults/Trimmed_Barcodes/fastq_runid_67a0761ea992f55d7000e748e88761780ca1bb60_barcode85.fastq (1 reads)
2020-05-22 14:29:10.075078 [guppy/info] Starting input file /home/joshl/PycharmProjects/ARS/ScriptResults/Trimmed_Barcodes/fastq_runid_67a0761ea992f55d7000e748e88761780ca1bb60_barcode27.fastq
2020-05-22 14:29:10.411360 [guppy/info] Successfully finished input file /home/joshl/PycharmProjects/ARS/ScriptResults/Trimmed_Barcodes/fastq_runid_67a0761ea992f55d7000e748e88761780ca1bb60_barcode27.fastq (182 reads)
2020-05-22 14:29:10.411389 [guppy/info] Starting input file /home/joshl/PycharmProjects/ARS/ScriptResults/Trimmed_Barcodes/fastq_runid_67a0761ea992f55d7000e748e88761780ca1bb60_barcode42.fastq
2020-05-22 14:29:10.667781 [guppy/info] Successfully finished input file /home/joshl/PycharmProjects/ARS/ScriptResults/Trimmed_Barcodes/fastq_runid_67a0761ea992f55d7000e748e88761780ca1bb60_barcode42.fastq (134 reads)
2020-05-22 14:29:10.667813 [guppy/info] Starting input file /home/joshl/PycharmProjects/ARS/ScriptResults/Trimmed_Barcodes/fastq_runid_67a0761ea992f55d7000e748e88761780ca1bb60_barcode41.fastq
2020-05-22 14:29:10.852241 [guppy/info] Successfully finished input file /home/joshl/PycharmProjects/ARS/ScriptResults/Trimmed_Barcodes/fastq_runid_67a0761ea992f55d7000e748e88761780ca1bb60_barcode41.fastq (101 reads)
2020-05-22 14:29:10.852273 [guppy/info] Starting input file /home/joshl/PycharmProjects/ARS/ScriptResults/Trimmed_Barcodes/fastq_runid_67a0761ea992f55d7000e748e88761780ca1bb60_barcode46.fastq
2020-05-22 14:29:11.071487 [guppy/info] Successfully finished input file /home/joshl/PycharmProjects/ARS/ScriptResults/Trimmed_Barcodes/fastq_runid_67a0761ea992f55d7000e748e88761780ca1bb60_barcode46.fastq (100 reads)
2020-05-22 14:29:11.071512 [guppy/info] Starting input file /home/joshl/PycharmProjects/ARS/ScriptResults/Trimmed_Barcodes/fastq_runid_67a0761ea992f55d7000e748e88761780ca1bb60_barcode25.fastq
2020-05-22 14:29:11.436320 [guppy/info] Successfully finished input file /home/joshl/PycharmProjects/ARS/ScriptResults/Trimmed_Barcodes/fastq_runid_67a0761ea992f55d7000e748e88761780ca1bb60_barcode25.fastq (196 reads)
2020-05-22 14:29:11.436352 [guppy/info] Starting input file /home/joshl/PycharmProjects/ARS/ScriptResults/Trimmed_Barcodes/fastq_runid_67a0761ea992f55d7000e748e88761780ca1bb60_barcode01.fastq
2020-05-22 14:29:11.762876 [guppy/info] Successfully finished input file /home/joshl/PycharmProjects/ARS/ScriptResults/Trimmed_Barcodes/fastq_runid_67a0761ea992f55d7000e748e88761780ca1bb60_barcode01.fastq (179 reads)
2020-05-22 14:29:11.762908 [guppy/info] Starting input file /home/joshl/PycharmProjects/ARS/ScriptResults/Trimmed_Barcodes/fastq_runid_67a0761ea992f55d7000e748e88761780ca1bb60_barcode32.fastq
2020-05-22 14:29:12.227426 [guppy/info] Successfully finished input file /home/joshl/PycharmProjects/ARS/ScriptResults/Trimmed_Barcodes/fastq_runid_67a0761ea992f55d7000e748e88761780ca1bb60_barcode32.fastq (232 reads)
2020-05-22 14:29:12.227453 [guppy/info] Starting input file /home/joshl/PycharmProjects/ARS/ScriptResults/Trimmed_Barcodes/fastq_runid_67a0761ea992f55d7000e748e88761780ca1bb60_barcode62.fastq
2020-05-22 14:29:12.470257 [guppy/info] Successfully finished input file /home/joshl/PycharmProjects/ARS/ScriptResults/Trimmed_Barcodes/fastq_runid_67a0761ea992f55d7000e748e88761780ca1bb60_barcode62.fastq (136 reads)
2020-05-22 14:29:12.470291 [guppy/info] Starting input file /home/joshl/PycharmProjects/ARS/ScriptResults/Trimmed_Barcodes/fastq_runid_67a0761ea992f55d7000e748e88761780ca1bb60_barcode35.fastq
2020-05-22 14:29:12.845400 [guppy/info] Successfully finished input file /home/joshl/PycharmProjects/ARS/ScriptResults/Trimmed_Barcodes/fastq_runid_67a0761ea992f55d7000e748e88761780ca1bb60_barcode35.fastq (206 reads)
2020-05-22 14:29:12.845432 [guppy/info] Starting input file /home/joshl/PycharmProjects/ARS/ScriptResults/Trimmed_Barcodes/fastq_runid_67a0761ea992f55d7000e748e88761780ca1bb60_barcode70.fastq
2020-05-22 14:29:13.027151 [guppy/info] Successfully finished input file /home/joshl/PycharmProjects/ARS/ScriptResults/Trimmed_Barcodes/fastq_runid_67a0761ea992f55d7000e748e88761780ca1bb60_barcode70.fastq (100 reads)
2020-05-22 14:29:13.027175 [guppy/info] Starting input file /home/joshl/PycharmProjects/ARS/ScriptResults/Trimmed_Barcodes/fastq_runid_67a0761ea992f55d7000e748e88761780ca1bb60_barcode58.fastq
2020-05-22 14:29:13.272158 [guppy/info] Successfully finished input file /home/joshl/PycharmProjects/ARS/ScriptResults/Trimmed_Barcodes/fastq_runid_67a0761ea992f55d7000e748e88761780ca1bb60_barcode58.fastq (110 reads)
2020-05-22 14:29:13.272188 [guppy/info] Starting input file /home/joshl/PycharmProjects/ARS/ScriptResults/Trimmed_Barcodes/fastq_runid_67a0761ea992f55d7000e748e88761780ca1bb60_barcode07.fastq
2020-05-22 14:29:13.665559 [guppy/info] Successfully finished input file /home/joshl/PycharmProjects/ARS/ScriptResults/Trimmed_Barcodes/fastq_runid_67a0761ea992f55d7000e748e88761780ca1bb60_barcode07.fastq (208 reads)
2020-05-22 14:29:13.665593 [guppy/info] Starting input file /home/joshl/PycharmProjects/ARS/ScriptResults/Trimmed_Barcodes/fastq_runid_67a0761ea992f55d7000e748e88761780ca1bb60_barcode78.fastq
2020-05-22 14:29:13.810940 [guppy/info] Successfully finished input file /home/joshl/PycharmProjects/ARS/ScriptResults/Trimmed_Barcodes/fastq_runid_67a0761ea992f55d7000e748e88761780ca1bb60_barcode78.fastq (79 reads)
2020-05-22 14:29:13.810966 [guppy/info] Starting input file /home/joshl/PycharmProjects/ARS/ScriptResults/Trimmed_Barcodes/fastq_runid_67a0761ea992f55d7000e748e88761780ca1bb60_barcode15.fastq
2020-05-22 14:29:14.152837 [guppy/info] Successfully finished input file /home/joshl/PycharmProjects/ARS/ScriptResults/Trimmed_Barcodes/fastq_runid_67a0761ea992f55d7000e748e88761780ca1bb60_barcode15.fastq (165 reads)
2020-05-22 14:29:14.152871 [guppy/info] Starting input file /home/joshl/PycharmProjects/ARS/ScriptResults/Trimmed_Barcodes/fastq_runid_67a0761ea992f55d7000e748e88761780ca1bb60_barcode04.fastq
2020-05-22 14:29:14.456624 [guppy/info] Successfully finished input file /home/joshl/PycharmProjects/ARS/ScriptResults/Trimmed_Barcodes/fastq_runid_67a0761ea992f55d7000e748e88761780ca1bb60_barcode04.fastq (171 reads)
2020-05-22 14:29:14.456654 [guppy/info] Starting input file /home/joshl/PycharmProjects/ARS/ScriptResults/Trimmed_Barcodes/fastq_runid_67a0761ea992f55d7000e748e88761780ca1bb60_barcode69.fastq
2020-05-22 14:29:14.779937 [guppy/info] Successfully finished input file /home/joshl/PycharmProjects/ARS/ScriptResults/Trimmed_Barcodes/fastq_runid_67a0761ea992f55d7000e748e88761780ca1bb60_barcode69.fastq (154 reads)
2020-05-22 14:29:14.779964 [guppy/info] Starting input file /home/joshl/PycharmProjects/ARS/ScriptResults/Trimmed_Barcodes/fastq_runid_67a0761ea992f55d7000e748e88761780ca1bb60_barcode76.fastq
2020-05-22 14:29:15.067146 [guppy/info] Successfully finished input file /home/joshl/PycharmProjects/ARS/ScriptResults/Trimmed_Barcodes/fastq_runid_67a0761ea992f55d7000e748e88761780ca1bb60_barcode76.fastq (240 reads)
2020-05-22 14:29:15.067177 [guppy/info] Starting input file /home/joshl/PycharmProjects/ARS/ScriptResults/Trimmed_Barcodes/fastq_runid_67a0761ea992f55d7000e748e88761780ca1bb60_barcode57.fastq
2020-05-22 14:29:15.305256 [guppy/info] Successfully finished input file /home/joshl/PycharmProjects/ARS/ScriptResults/Trimmed_Barcodes/fastq_runid_67a0761ea992f55d7000e748e88761780ca1bb60_barcode57.fastq (132 reads)
2020-05-22 14:29:15.305288 [guppy/info] Starting input file /home/joshl/PycharmProjects/ARS/ScriptResults/Trimmed_Barcodes/fastq_runid_67a0761ea992f55d7000e748e88761780ca1bb60_barcode03.fastq
2020-05-22 14:29:15.633080 [guppy/info] Successfully finished input file /home/joshl/PycharmProjects/ARS/ScriptResults/Trimmed_Barcodes/fastq_runid_67a0761ea992f55d7000e748e88761780ca1bb60_barcode03.fastq (166 reads)
2020-05-22 14:29:15.633112 [guppy/info] Starting input file /home/joshl/PycharmProjects/ARS/ScriptResults/Trimmed_Barcodes/fastq_runid_67a0761ea992f55d7000e748e88761780ca1bb60_barcode47.fastq
2020-05-22 14:29:16.001811 [guppy/info] Successfully finished input file /home/joshl/PycharmProjects/ARS/ScriptResults/Trimmed_Barcodes/fastq_runid_67a0761ea992f55d7000e748e88761780ca1bb60_barcode47.fastq (181 reads)
2020-05-22 14:29:16.001840 [guppy/info] Starting input file /home/joshl/PycharmProjects/ARS/ScriptResults/Trimmed_Barcodes/fastq_runid_67a0761ea992f55d7000e748e88761780ca1bb60_barcode16.fastq
2020-05-22 14:29:16.269323 [guppy/info] Successfully finished input file /home/joshl/PycharmProjects/ARS/ScriptResults/Trimmed_Barcodes/fastq_runid_67a0761ea992f55d7000e748e88761780ca1bb60_barcode16.fastq (139 reads)
2020-05-22 14:29:16.269348 [guppy/info] Starting input file /home/joshl/PycharmProjects/ARS/ScriptResults/Trimmed_Barcodes/fastq_runid_67a0761ea992f55d7000e748e88761780ca1bb60_barcode10.fastq
2020-05-22 14:29:16.625581 [guppy/info] Successfully finished input file /home/joshl/PycharmProjects/ARS/ScriptResults/Trimmed_Barcodes/fastq_runid_67a0761ea992f55d7000e748e88761780ca1bb60_barcode10.fastq (180 reads)
2020-05-22 14:29:16.625607 [guppy/info] Starting input file /home/joshl/PycharmProjects/ARS/ScriptResults/Trimmed_Barcodes/fastq_runid_67a0761ea992f55d7000e748e88761780ca1bb60_barcode50.fastq
2020-05-22 14:29:16.980481 [guppy/info] Successfully finished input file /home/joshl/PycharmProjects/ARS/ScriptResults/Trimmed_Barcodes/fastq_runid_67a0761ea992f55d7000e748e88761780ca1bb60_barcode50.fastq (195 reads)
2020-05-22 14:29:16.980515 [guppy/info] Starting input file /home/joshl/PycharmProjects/ARS/ScriptResults/Trimmed_Barcodes/fastq_runid_67a0761ea992f55d7000e748e88761780ca1bb60_barcode21.fastq
2020-05-22 14:29:19.103267 [guppy/info] Successfully finished input file /home/joshl/PycharmProjects/ARS/ScriptResults/Trimmed_Barcodes/fastq_runid_67a0761ea992f55d7000e748e88761780ca1bb60_barcode21.fastq (186 reads)
2020-05-22 14:29:19.103431 [guppy/info] Starting input file /home/joshl/PycharmProjects/ARS/ScriptResults/Trimmed_Barcodes/fastq_runid_67a0761ea992f55d7000e748e88761780ca1bb60_barcode20.fastq
2020-05-22 14:29:23.354613 [guppy/info] Successfully finished input file /home/joshl/PycharmProjects/ARS/ScriptResults/Trimmed_Barcodes/fastq_runid_67a0761ea992f55d7000e748e88761780ca1bb60_barcode20.fastq (310 reads)
2020-05-22 14:29:23.354645 [guppy/info] Starting input file /home/joshl/PycharmProjects/ARS/ScriptResults/Trimmed_Barcodes/fastq_runid_67a0761ea992f55d7000e748e88761780ca1bb60_barcode91.fastq
2020-05-22 14:29:23.720391 [guppy/info] Successfully finished input file /home/joshl/PycharmProjects/ARS/ScriptResults/Trimmed_Barcodes/fastq_runid_67a0761ea992f55d7000e748e88761780ca1bb60_barcode91.fastq (195 reads)
2020-05-22 14:29:23.720425 [guppy/info] Starting input file /home/joshl/PycharmProjects/ARS/ScriptResults/Trimmed_Barcodes/fastq_runid_67a0761ea992f55d7000e748e88761780ca1bb60_barcode31.fastq
2020-05-22 14:29:24.000309 [guppy/info] Successfully finished input file /home/joshl/PycharmProjects/ARS/ScriptResults/Trimmed_Barcodes/fastq_runid_67a0761ea992f55d7000e748e88761780ca1bb60_barcode31.fastq (142 reads)
2020-05-22 14:29:24.000338 [guppy/info] Starting input file /home/joshl/PycharmProjects/ARS/ScriptResults/Trimmed_Barcodes/fastq_runid_67a0761ea992f55d7000e748e88761780ca1bb60_barcode33.fastq
2020-05-22 14:29:24.302325 [guppy/info] Successfully finished input file /home/joshl/PycharmProjects/ARS/ScriptResults/Trimmed_Barcodes/fastq_runid_67a0761ea992f55d7000e748e88761780ca1bb60_barcode33.fastq (150 reads)
2020-05-22 14:29:24.302361 [guppy/info] Starting input file /home/joshl/PycharmProjects/ARS/ScriptResults/Trimmed_Barcodes/fastq_runid_67a0761ea992f55d7000e748e88761780ca1bb60_barcode08.fastq
2020-05-22 14:29:24.901511 [guppy/info] Successfully finished input file /home/joshl/PycharmProjects/ARS/ScriptResults/Trimmed_Barcodes/fastq_runid_67a0761ea992f55d7000e748e88761780ca1bb60_barcode08.fastq (304 reads)
2020-05-22 14:29:24.901542 [guppy/info] Starting input file /home/joshl/PycharmProjects/ARS/ScriptResults/Trimmed_Barcodes/fastq_runid_67a0761ea992f55d7000e748e88761780ca1bb60_barcode11.fastq
2020-05-22 14:29:25.293756 [guppy/info] Successfully finished input file /home/joshl/PycharmProjects/ARS/ScriptResults/Trimmed_Barcodes/fastq_runid_67a0761ea992f55d7000e748e88761780ca1bb60_barcode11.fastq (217 reads)
2020-05-22 14:29:25.293782 [guppy/info] Starting input file /home/joshl/PycharmProjects/ARS/ScriptResults/Trimmed_Barcodes/fastq_runid_67a0761ea992f55d7000e748e88761780ca1bb60_barcode29.fastq
2020-05-22 14:29:25.528253 [guppy/info] Successfully finished input file /home/joshl/PycharmProjects/ARS/ScriptResults/Trimmed_Barcodes/fastq_runid_67a0761ea992f55d7000e748e88761780ca1bb60_barcode29.fastq (122 reads)
2020-05-22 14:29:25.528283 [guppy/info] Starting input file /home/joshl/PycharmProjects/ARS/ScriptResults/Trimmed_Barcodes/fastq_runid_67a0761ea992f55d7000e748e88761780ca1bb60_barcode37.fastq
2020-05-22 14:29:25.880255 [guppy/info] Successfully finished input file /home/joshl/PycharmProjects/ARS/ScriptResults/Trimmed_Barcodes/fastq_runid_67a0761ea992f55d7000e748e88761780ca1bb60_barcode37.fastq (194 reads)
2020-05-22 14:29:25.880283 [guppy/info] Starting input file /home/joshl/PycharmProjects/ARS/ScriptResults/Trimmed_Barcodes/fastq_runid_67a0761ea992f55d7000e748e88761780ca1bb60_barcode93.fastq
2020-05-22 14:29:26.095066 [guppy/info] Successfully finished input file /home/joshl/PycharmProjects/ARS/ScriptResults/Trimmed_Barcodes/fastq_runid_67a0761ea992f55d7000e748e88761780ca1bb60_barcode93.fastq (116 reads)
2020-05-22 14:29:26.095092 [guppy/info] Starting input file /home/joshl/PycharmProjects/ARS/ScriptResults/Trimmed_Barcodes/fastq_runid_67a0761ea992f55d7000e748e88761780ca1bb60_barcode82.fastq
2020-05-22 14:29:26.221029 [guppy/info] Successfully finished input file /home/joshl/PycharmProjects/ARS/ScriptResults/Trimmed_Barcodes/fastq_runid_67a0761ea992f55d7000e748e88761780ca1bb60_barcode82.fastq (76 reads)
2020-05-22 14:29:26.221061 [guppy/info] Starting input file /home/joshl/PycharmProjects/ARS/ScriptResults/Trimmed_Barcodes/fastq_runid_67a0761ea992f55d7000e748e88761780ca1bb60_barcode77.fastq
2020-05-22 14:29:26.490962 [guppy/info] Successfully finished input file /home/joshl/PycharmProjects/ARS/ScriptResults/Trimmed_Barcodes/fastq_runid_67a0761ea992f55d7000e748e88761780ca1bb60_barcode77.fastq (134 reads)
2020-05-22 14:29:26.490987 [guppy/info] Starting input file /home/joshl/PycharmProjects/ARS/ScriptResults/Trimmed_Barcodes/fastq_runid_67a0761ea992f55d7000e748e88761780ca1bb60_barcode24.fastq
2020-05-22 14:29:26.766996 [guppy/info] Successfully finished input file /home/joshl/PycharmProjects/ARS/ScriptResults/Trimmed_Barcodes/fastq_runid_67a0761ea992f55d7000e748e88761780ca1bb60_barcode24.fastq (146 reads)
2020-05-22 14:29:26.767028 [guppy/message] Done in 52100 ms.
