2020-05-21 16:14:49.751520 [guppy/message] ONT Guppy alignment software version 3.6.0+98ff765
input path:         /home/joshl/minknow_data/script_results/Merge_Files
save path:          /home/joshl/minknow_data/script_results/Alignment//SAM_Files
alignment ref.:     /home/joshl/minknow_data/script_results/GUPPY_ALIGNMENT_REFERENCE.txt
min. coverage:      0.6
2020-05-21 16:14:49.751705 [guppy/info] crashpad_handler not supported on this platform.
2020-05-21 16:14:49.752092 [guppy/message] Found 77 fastq files.
2020-05-21 16:14:49.752111 [guppy/info] Starting input file /home/joshl/minknow_data/script_results/Merge_Files/fastq_runid_67a0761ea992f55d7000e748e88761780ca1bb60_barcode18.fastq
2020-05-21 16:14:50.368472 [guppy/info] Successfully finished input file /home/joshl/minknow_data/script_results/Merge_Files/fastq_runid_67a0761ea992f55d7000e748e88761780ca1bb60_barcode18.fastq (173 reads)
2020-05-21 16:14:50.368591 [guppy/info] Starting input file /home/joshl/minknow_data/script_results/Merge_Files/fastq_runid_67a0761ea992f55d7000e748e88761780ca1bb60_barcode61.fastq
2020-05-21 16:14:50.791500 [guppy/info] Successfully finished input file /home/joshl/minknow_data/script_results/Merge_Files/fastq_runid_67a0761ea992f55d7000e748e88761780ca1bb60_barcode61.fastq (133 reads)
2020-05-21 16:14:50.791532 [guppy/info] Starting input file /home/joshl/minknow_data/script_results/Merge_Files/fastq_runid_67a0761ea992f55d7000e748e88761780ca1bb60_barcode17.fastq
2020-05-21 16:14:51.174279 [guppy/info] Successfully finished input file /home/joshl/minknow_data/script_results/Merge_Files/fastq_runid_67a0761ea992f55d7000e748e88761780ca1bb60_barcode17.fastq (162 reads)
2020-05-21 16:14:51.174310 [guppy/info] Starting input file /home/joshl/minknow_data/script_results/Merge_Files/fastq_runid_67a0761ea992f55d7000e748e88761780ca1bb60_barcode52.fastq
2020-05-21 16:14:51.695033 [guppy/info] Successfully finished input file /home/joshl/minknow_data/script_results/Merge_Files/fastq_runid_67a0761ea992f55d7000e748e88761780ca1bb60_barcode52.fastq (202 reads)
2020-05-21 16:14:51.695065 [guppy/info] Starting input file /home/joshl/minknow_data/script_results/Merge_Files/fastq_runid_67a0761ea992f55d7000e748e88761780ca1bb60_barcode05.fastq
2020-05-21 16:14:52.110695 [guppy/info] Successfully finished input file /home/joshl/minknow_data/script_results/Merge_Files/fastq_runid_67a0761ea992f55d7000e748e88761780ca1bb60_barcode05.fastq (178 reads)
2020-05-21 16:14:52.110719 [guppy/info] Starting input file /home/joshl/minknow_data/script_results/Merge_Files/fastq_runid_67a0761ea992f55d7000e748e88761780ca1bb60_barcode65.fastq
2020-05-21 16:14:52.373966 [guppy/info] Successfully finished input file /home/joshl/minknow_data/script_results/Merge_Files/fastq_runid_67a0761ea992f55d7000e748e88761780ca1bb60_barcode65.fastq (115 reads)
2020-05-21 16:14:52.373998 [guppy/info] Starting input file /home/joshl/minknow_data/script_results/Merge_Files/fastq_runid_67a0761ea992f55d7000e748e88761780ca1bb60_barcode81.fastq
2020-05-21 16:14:52.531028 [guppy/info] Successfully finished input file /home/joshl/minknow_data/script_results/Merge_Files/fastq_runid_67a0761ea992f55d7000e748e88761780ca1bb60_barcode81.fastq (71 reads)
2020-05-21 16:14:52.531059 [guppy/info] Starting input file /home/joshl/minknow_data/script_results/Merge_Files/fastq_runid_67a0761ea992f55d7000e748e88761780ca1bb60_barcode06.fastq
2020-05-21 16:14:53.007496 [guppy/info] Successfully finished input file /home/joshl/minknow_data/script_results/Merge_Files/fastq_runid_67a0761ea992f55d7000e748e88761780ca1bb60_barcode06.fastq (205 reads)
2020-05-21 16:14:53.007527 [guppy/info] Starting input file /home/joshl/minknow_data/script_results/Merge_Files/fastq_runid_67a0761ea992f55d7000e748e88761780ca1bb60_barcode45.fastq
2020-05-21 16:14:53.303634 [guppy/info] Successfully finished input file /home/joshl/minknow_data/script_results/Merge_Files/fastq_runid_67a0761ea992f55d7000e748e88761780ca1bb60_barcode45.fastq (129 reads)
2020-05-21 16:14:53.303703 [guppy/info] Starting input file /home/joshl/minknow_data/script_results/Merge_Files/fastq_runid_67a0761ea992f55d7000e748e88761780ca1bb60_barcode26.fastq
2020-05-21 16:14:53.663679 [guppy/info] Successfully finished input file /home/joshl/minknow_data/script_results/Merge_Files/fastq_runid_67a0761ea992f55d7000e748e88761780ca1bb60_barcode26.fastq (164 reads)
2020-05-21 16:14:53.663709 [guppy/info] Starting input file /home/joshl/minknow_data/script_results/Merge_Files/fastq_runid_67a0761ea992f55d7000e748e88761780ca1bb60_barcode40.fastq
2020-05-21 16:14:54.021620 [guppy/info] Successfully finished input file /home/joshl/minknow_data/script_results/Merge_Files/fastq_runid_67a0761ea992f55d7000e748e88761780ca1bb60_barcode40.fastq (170 reads)
2020-05-21 16:14:54.021644 [guppy/info] Starting input file /home/joshl/minknow_data/script_results/Merge_Files/fastq_runid_67a0761ea992f55d7000e748e88761780ca1bb60_barcode23.fastq
2020-05-21 16:14:54.453534 [guppy/info] Successfully finished input file /home/joshl/minknow_data/script_results/Merge_Files/fastq_runid_67a0761ea992f55d7000e748e88761780ca1bb60_barcode23.fastq (193 reads)
2020-05-21 16:14:54.453567 [guppy/info] Starting input file /home/joshl/minknow_data/script_results/Merge_Files/fastq_runid_67a0761ea992f55d7000e748e88761780ca1bb60_barcode64.fastq
2020-05-21 16:14:54.838976 [guppy/info] Successfully finished input file /home/joshl/minknow_data/script_results/Merge_Files/fastq_runid_67a0761ea992f55d7000e748e88761780ca1bb60_barcode64.fastq (170 reads)
2020-05-21 16:14:54.839013 [guppy/info] Starting input file /home/joshl/minknow_data/script_results/Merge_Files/fastq_runid_67a0761ea992f55d7000e748e88761780ca1bb60_barcode53.fastq
2020-05-21 16:14:55.140160 [guppy/info] Successfully finished input file /home/joshl/minknow_data/script_results/Merge_Files/fastq_runid_67a0761ea992f55d7000e748e88761780ca1bb60_barcode53.fastq (137 reads)
2020-05-21 16:14:55.140188 [guppy/info] Starting input file /home/joshl/minknow_data/script_results/Merge_Files/fastq_runid_67a0761ea992f55d7000e748e88761780ca1bb60_unclassified.fastq
2020-05-21 16:15:23.630406 [guppy/info] Successfully finished input file /home/joshl/minknow_data/script_results/Merge_Files/fastq_runid_67a0761ea992f55d7000e748e88761780ca1bb60_unclassified.fastq (11596 reads)
2020-05-21 16:15:23.630442 [guppy/info] Starting input file /home/joshl/minknow_data/script_results/Merge_Files/fastq_runid_67a0761ea992f55d7000e748e88761780ca1bb60_barcode13.fastq
2020-05-21 16:15:24.063946 [guppy/info] Successfully finished input file /home/joshl/minknow_data/script_results/Merge_Files/fastq_runid_67a0761ea992f55d7000e748e88761780ca1bb60_barcode13.fastq (187 reads)
2020-05-21 16:15:24.063974 [guppy/info] Starting input file /home/joshl/minknow_data/script_results/Merge_Files/fastq_runid_67a0761ea992f55d7000e748e88761780ca1bb60_barcode28.fastq
2020-05-21 16:15:24.425519 [guppy/info] Successfully finished input file /home/joshl/minknow_data/script_results/Merge_Files/fastq_runid_67a0761ea992f55d7000e748e88761780ca1bb60_barcode28.fastq (157 reads)
2020-05-21 16:15:24.425545 [guppy/info] Starting input file /home/joshl/minknow_data/script_results/Merge_Files/fastq_runid_67a0761ea992f55d7000e748e88761780ca1bb60_barcode66.fastq
2020-05-21 16:15:24.653997 [guppy/info] Successfully finished input file /home/joshl/minknow_data/script_results/Merge_Files/fastq_runid_67a0761ea992f55d7000e748e88761780ca1bb60_barcode66.fastq (101 reads)
2020-05-21 16:15:24.654033 [guppy/info] Starting input file /home/joshl/minknow_data/script_results/Merge_Files/fastq_runid_67a0761ea992f55d7000e748e88761780ca1bb60_barcode67.fastq
2020-05-21 16:15:25.023449 [guppy/info] Successfully finished input file /home/joshl/minknow_data/script_results/Merge_Files/fastq_runid_67a0761ea992f55d7000e748e88761780ca1bb60_barcode67.fastq (162 reads)
2020-05-21 16:15:25.023474 [guppy/info] Starting input file /home/joshl/minknow_data/script_results/Merge_Files/fastq_runid_67a0761ea992f55d7000e748e88761780ca1bb60_barcode83.fastq
2020-05-21 16:15:25.214442 [guppy/info] Successfully finished input file /home/joshl/minknow_data/script_results/Merge_Files/fastq_runid_67a0761ea992f55d7000e748e88761780ca1bb60_barcode83.fastq (91 reads)
2020-05-21 16:15:25.214480 [guppy/info] Starting input file /home/joshl/minknow_data/script_results/Merge_Files/fastq_runid_67a0761ea992f55d7000e748e88761780ca1bb60_barcode90.fastq
2020-05-21 16:15:25.660678 [guppy/info] Successfully finished input file /home/joshl/minknow_data/script_results/Merge_Files/fastq_runid_67a0761ea992f55d7000e748e88761780ca1bb60_barcode90.fastq (188 reads)
2020-05-21 16:15:25.660712 [guppy/info] Starting input file /home/joshl/minknow_data/script_results/Merge_Files/fastq_runid_67a0761ea992f55d7000e748e88761780ca1bb60_barcode36.fastq
2020-05-21 16:15:26.053641 [guppy/info] Successfully finished input file /home/joshl/minknow_data/script_results/Merge_Files/fastq_runid_67a0761ea992f55d7000e748e88761780ca1bb60_barcode36.fastq (180 reads)
2020-05-21 16:15:26.053666 [guppy/info] Starting input file /home/joshl/minknow_data/script_results/Merge_Files/fastq_runid_67a0761ea992f55d7000e748e88761780ca1bb60_barcode02.fastq
2020-05-21 16:15:26.439942 [guppy/info] Successfully finished input file /home/joshl/minknow_data/script_results/Merge_Files/fastq_runid_67a0761ea992f55d7000e748e88761780ca1bb60_barcode02.fastq (169 reads)
2020-05-21 16:15:26.439982 [guppy/info] Starting input file /home/joshl/minknow_data/script_results/Merge_Files/fastq_runid_67a0761ea992f55d7000e748e88761780ca1bb60_barcode12.fastq
2020-05-21 16:15:26.752690 [guppy/info] Successfully finished input file /home/joshl/minknow_data/script_results/Merge_Files/fastq_runid_67a0761ea992f55d7000e748e88761780ca1bb60_barcode12.fastq (130 reads)
2020-05-21 16:15:26.752721 [guppy/info] Starting input file /home/joshl/minknow_data/script_results/Merge_Files/fastq_runid_67a0761ea992f55d7000e748e88761780ca1bb60_barcode09.fastq
2020-05-21 16:15:27.204032 [guppy/info] Successfully finished input file /home/joshl/minknow_data/script_results/Merge_Files/fastq_runid_67a0761ea992f55d7000e748e88761780ca1bb60_barcode09.fastq (189 reads)
2020-05-21 16:15:27.204059 [guppy/info] Starting input file /home/joshl/minknow_data/script_results/Merge_Files/fastq_runid_67a0761ea992f55d7000e748e88761780ca1bb60_barcode22.fastq
2020-05-21 16:15:27.628363 [guppy/info] Successfully finished input file /home/joshl/minknow_data/script_results/Merge_Files/fastq_runid_67a0761ea992f55d7000e748e88761780ca1bb60_barcode22.fastq (178 reads)
2020-05-21 16:15:27.628394 [guppy/info] Starting input file /home/joshl/minknow_data/script_results/Merge_Files/fastq_runid_67a0761ea992f55d7000e748e88761780ca1bb60_barcode95.fastq
2020-05-21 16:15:28.068466 [guppy/info] Successfully finished input file /home/joshl/minknow_data/script_results/Merge_Files/fastq_runid_67a0761ea992f55d7000e748e88761780ca1bb60_barcode95.fastq (186 reads)
2020-05-21 16:15:28.068503 [guppy/info] Starting input file /home/joshl/minknow_data/script_results/Merge_Files/fastq_runid_67a0761ea992f55d7000e748e88761780ca1bb60_barcode39.fastq
2020-05-21 16:15:28.402813 [guppy/info] Successfully finished input file /home/joshl/minknow_data/script_results/Merge_Files/fastq_runid_67a0761ea992f55d7000e748e88761780ca1bb60_barcode39.fastq (147 reads)
2020-05-21 16:15:28.402838 [guppy/info] Starting input file /home/joshl/minknow_data/script_results/Merge_Files/fastq_runid_67a0761ea992f55d7000e748e88761780ca1bb60_barcode59.fastq
2020-05-21 16:15:28.767655 [guppy/info] Successfully finished input file /home/joshl/minknow_data/script_results/Merge_Files/fastq_runid_67a0761ea992f55d7000e748e88761780ca1bb60_barcode59.fastq (157 reads)
2020-05-21 16:15:28.767685 [guppy/info] Starting input file /home/joshl/minknow_data/script_results/Merge_Files/fastq_runid_67a0761ea992f55d7000e748e88761780ca1bb60_barcode63.fastq
2020-05-21 16:15:32.173220 [guppy/info] Successfully finished input file /home/joshl/minknow_data/script_results/Merge_Files/fastq_runid_67a0761ea992f55d7000e748e88761780ca1bb60_barcode63.fastq (189 reads)
2020-05-21 16:15:32.173413 [guppy/info] Starting input file /home/joshl/minknow_data/script_results/Merge_Files/fastq_runid_67a0761ea992f55d7000e748e88761780ca1bb60_barcode54.fastq
2020-05-21 16:15:34.568097 [guppy/info] Successfully finished input file /home/joshl/minknow_data/script_results/Merge_Files/fastq_runid_67a0761ea992f55d7000e748e88761780ca1bb60_barcode54.fastq (111 reads)
2020-05-21 16:15:34.568265 [guppy/info] Starting input file /home/joshl/minknow_data/script_results/Merge_Files/fastq_runid_67a0761ea992f55d7000e748e88761780ca1bb60_barcode55.fastq
2020-05-21 16:15:35.286254 [guppy/info] Successfully finished input file /home/joshl/minknow_data/script_results/Merge_Files/fastq_runid_67a0761ea992f55d7000e748e88761780ca1bb60_barcode55.fastq (178 reads)
2020-05-21 16:15:35.286287 [guppy/info] Starting input file /home/joshl/minknow_data/script_results/Merge_Files/fastq_runid_67a0761ea992f55d7000e748e88761780ca1bb60_barcode14.fastq
2020-05-21 16:15:35.729247 [guppy/info] Successfully finished input file /home/joshl/minknow_data/script_results/Merge_Files/fastq_runid_67a0761ea992f55d7000e748e88761780ca1bb60_barcode14.fastq (180 reads)
2020-05-21 16:15:35.729282 [guppy/info] Starting input file /home/joshl/minknow_data/script_results/Merge_Files/fastq_runid_67a0761ea992f55d7000e748e88761780ca1bb60_barcode51.fastq
2020-05-21 16:15:36.084250 [guppy/info] Successfully finished input file /home/joshl/minknow_data/script_results/Merge_Files/fastq_runid_67a0761ea992f55d7000e748e88761780ca1bb60_barcode51.fastq (154 reads)
2020-05-21 16:15:36.084276 [guppy/info] Starting input file /home/joshl/minknow_data/script_results/Merge_Files/fastq_runid_67a0761ea992f55d7000e748e88761780ca1bb60_barcode38.fastq
2020-05-21 16:15:36.458211 [guppy/info] Successfully finished input file /home/joshl/minknow_data/script_results/Merge_Files/fastq_runid_67a0761ea992f55d7000e748e88761780ca1bb60_barcode38.fastq (170 reads)
2020-05-21 16:15:36.458244 [guppy/info] Starting input file /home/joshl/minknow_data/script_results/Merge_Files/fastq_runid_67a0761ea992f55d7000e748e88761780ca1bb60_barcode89.fastq
2020-05-21 16:15:36.777262 [guppy/info] Successfully finished input file /home/joshl/minknow_data/script_results/Merge_Files/fastq_runid_67a0761ea992f55d7000e748e88761780ca1bb60_barcode89.fastq (148 reads)
2020-05-21 16:15:36.777296 [guppy/info] Starting input file /home/joshl/minknow_data/script_results/Merge_Files/fastq_runid_67a0761ea992f55d7000e748e88761780ca1bb60_barcode79.fastq
2020-05-21 16:15:37.235113 [guppy/info] Successfully finished input file /home/joshl/minknow_data/script_results/Merge_Files/fastq_runid_67a0761ea992f55d7000e748e88761780ca1bb60_barcode79.fastq (207 reads)
2020-05-21 16:15:37.235138 [guppy/info] Starting input file /home/joshl/minknow_data/script_results/Merge_Files/fastq_runid_67a0761ea992f55d7000e748e88761780ca1bb60_barcode60.fastq
2020-05-21 16:15:37.562495 [guppy/info] Successfully finished input file /home/joshl/minknow_data/script_results/Merge_Files/fastq_runid_67a0761ea992f55d7000e748e88761780ca1bb60_barcode60.fastq (240 reads)
2020-05-21 16:15:37.562525 [guppy/info] Starting input file /home/joshl/minknow_data/script_results/Merge_Files/fastq_runid_67a0761ea992f55d7000e748e88761780ca1bb60_barcode49.fastq
2020-05-21 16:15:37.933956 [guppy/info] Successfully finished input file /home/joshl/minknow_data/script_results/Merge_Files/fastq_runid_67a0761ea992f55d7000e748e88761780ca1bb60_barcode49.fastq (161 reads)
2020-05-21 16:15:37.933980 [guppy/info] Starting input file /home/joshl/minknow_data/script_results/Merge_Files/fastq_runid_67a0761ea992f55d7000e748e88761780ca1bb60_barcode56.fastq
2020-05-21 16:15:38.312936 [guppy/info] Successfully finished input file /home/joshl/minknow_data/script_results/Merge_Files/fastq_runid_67a0761ea992f55d7000e748e88761780ca1bb60_barcode56.fastq (263 reads)
2020-05-21 16:15:38.312966 [guppy/info] Starting input file /home/joshl/minknow_data/script_results/Merge_Files/fastq_runid_67a0761ea992f55d7000e748e88761780ca1bb60_barcode85.fastq
2020-05-21 16:15:38.317749 [guppy/info] Successfully finished input file /home/joshl/minknow_data/script_results/Merge_Files/fastq_runid_67a0761ea992f55d7000e748e88761780ca1bb60_barcode85.fastq (1 reads)
2020-05-21 16:15:38.317782 [guppy/info] Starting input file /home/joshl/minknow_data/script_results/Merge_Files/fastq_runid_67a0761ea992f55d7000e748e88761780ca1bb60_barcode27.fastq
2020-05-21 16:15:38.738955 [guppy/info] Successfully finished input file /home/joshl/minknow_data/script_results/Merge_Files/fastq_runid_67a0761ea992f55d7000e748e88761780ca1bb60_barcode27.fastq (182 reads)
2020-05-21 16:15:38.738980 [guppy/info] Starting input file /home/joshl/minknow_data/script_results/Merge_Files/fastq_runid_67a0761ea992f55d7000e748e88761780ca1bb60_barcode42.fastq
2020-05-21 16:15:39.049738 [guppy/info] Successfully finished input file /home/joshl/minknow_data/script_results/Merge_Files/fastq_runid_67a0761ea992f55d7000e748e88761780ca1bb60_barcode42.fastq (134 reads)
2020-05-21 16:15:39.049770 [guppy/info] Starting input file /home/joshl/minknow_data/script_results/Merge_Files/fastq_runid_67a0761ea992f55d7000e748e88761780ca1bb60_barcode41.fastq
2020-05-21 16:15:39.260512 [guppy/info] Successfully finished input file /home/joshl/minknow_data/script_results/Merge_Files/fastq_runid_67a0761ea992f55d7000e748e88761780ca1bb60_barcode41.fastq (101 reads)
2020-05-21 16:15:39.260550 [guppy/info] Starting input file /home/joshl/minknow_data/script_results/Merge_Files/fastq_runid_67a0761ea992f55d7000e748e88761780ca1bb60_barcode46.fastq
2020-05-21 16:15:39.514699 [guppy/info] Successfully finished input file /home/joshl/minknow_data/script_results/Merge_Files/fastq_runid_67a0761ea992f55d7000e748e88761780ca1bb60_barcode46.fastq (100 reads)
2020-05-21 16:15:39.514726 [guppy/info] Starting input file /home/joshl/minknow_data/script_results/Merge_Files/fastq_runid_67a0761ea992f55d7000e748e88761780ca1bb60_barcode25.fastq
2020-05-21 16:15:39.965715 [guppy/info] Successfully finished input file /home/joshl/minknow_data/script_results/Merge_Files/fastq_runid_67a0761ea992f55d7000e748e88761780ca1bb60_barcode25.fastq (196 reads)
2020-05-21 16:15:39.965748 [guppy/info] Starting input file /home/joshl/minknow_data/script_results/Merge_Files/fastq_runid_67a0761ea992f55d7000e748e88761780ca1bb60_barcode01.fastq
2020-05-21 16:15:40.367013 [guppy/info] Successfully finished input file /home/joshl/minknow_data/script_results/Merge_Files/fastq_runid_67a0761ea992f55d7000e748e88761780ca1bb60_barcode01.fastq (179 reads)
2020-05-21 16:15:40.367046 [guppy/info] Starting input file /home/joshl/minknow_data/script_results/Merge_Files/fastq_runid_67a0761ea992f55d7000e748e88761780ca1bb60_barcode32.fastq
2020-05-21 16:15:40.921013 [guppy/info] Successfully finished input file /home/joshl/minknow_data/script_results/Merge_Files/fastq_runid_67a0761ea992f55d7000e748e88761780ca1bb60_barcode32.fastq (232 reads)
2020-05-21 16:15:40.921121 [guppy/info] Starting input file /home/joshl/minknow_data/script_results/Merge_Files/fastq_runid_67a0761ea992f55d7000e748e88761780ca1bb60_barcode62.fastq
2020-05-21 16:15:41.212728 [guppy/info] Successfully finished input file /home/joshl/minknow_data/script_results/Merge_Files/fastq_runid_67a0761ea992f55d7000e748e88761780ca1bb60_barcode62.fastq (136 reads)
2020-05-21 16:15:41.212766 [guppy/info] Starting input file /home/joshl/minknow_data/script_results/Merge_Files/fastq_runid_67a0761ea992f55d7000e748e88761780ca1bb60_barcode35.fastq
2020-05-21 16:15:41.659751 [guppy/info] Successfully finished input file /home/joshl/minknow_data/script_results/Merge_Files/fastq_runid_67a0761ea992f55d7000e748e88761780ca1bb60_barcode35.fastq (206 reads)
2020-05-21 16:15:41.659782 [guppy/info] Starting input file /home/joshl/minknow_data/script_results/Merge_Files/fastq_runid_67a0761ea992f55d7000e748e88761780ca1bb60_barcode70.fastq
2020-05-21 16:15:41.868041 [guppy/info] Successfully finished input file /home/joshl/minknow_data/script_results/Merge_Files/fastq_runid_67a0761ea992f55d7000e748e88761780ca1bb60_barcode70.fastq (100 reads)
2020-05-21 16:15:41.868066 [guppy/info] Starting input file /home/joshl/minknow_data/script_results/Merge_Files/fastq_runid_67a0761ea992f55d7000e748e88761780ca1bb60_barcode58.fastq
2020-05-21 16:15:42.153062 [guppy/info] Successfully finished input file /home/joshl/minknow_data/script_results/Merge_Files/fastq_runid_67a0761ea992f55d7000e748e88761780ca1bb60_barcode58.fastq (110 reads)
2020-05-21 16:15:42.153095 [guppy/info] Starting input file /home/joshl/minknow_data/script_results/Merge_Files/fastq_runid_67a0761ea992f55d7000e748e88761780ca1bb60_barcode07.fastq
2020-05-21 16:15:42.625126 [guppy/info] Successfully finished input file /home/joshl/minknow_data/script_results/Merge_Files/fastq_runid_67a0761ea992f55d7000e748e88761780ca1bb60_barcode07.fastq (208 reads)
2020-05-21 16:15:42.625156 [guppy/info] Starting input file /home/joshl/minknow_data/script_results/Merge_Files/fastq_runid_67a0761ea992f55d7000e748e88761780ca1bb60_barcode78.fastq
2020-05-21 16:15:42.788690 [guppy/info] Successfully finished input file /home/joshl/minknow_data/script_results/Merge_Files/fastq_runid_67a0761ea992f55d7000e748e88761780ca1bb60_barcode78.fastq (79 reads)
2020-05-21 16:15:42.788715 [guppy/info] Starting input file /home/joshl/minknow_data/script_results/Merge_Files/fastq_runid_67a0761ea992f55d7000e748e88761780ca1bb60_barcode15.fastq
2020-05-21 16:15:43.182227 [guppy/info] Successfully finished input file /home/joshl/minknow_data/script_results/Merge_Files/fastq_runid_67a0761ea992f55d7000e748e88761780ca1bb60_barcode15.fastq (165 reads)
2020-05-21 16:15:43.182259 [guppy/info] Starting input file /home/joshl/minknow_data/script_results/Merge_Files/fastq_runid_67a0761ea992f55d7000e748e88761780ca1bb60_barcode04.fastq
2020-05-21 16:15:43.555054 [guppy/info] Successfully finished input file /home/joshl/minknow_data/script_results/Merge_Files/fastq_runid_67a0761ea992f55d7000e748e88761780ca1bb60_barcode04.fastq (171 reads)
2020-05-21 16:15:43.555086 [guppy/info] Starting input file /home/joshl/minknow_data/script_results/Merge_Files/fastq_runid_67a0761ea992f55d7000e748e88761780ca1bb60_barcode69.fastq
2020-05-21 16:15:43.921813 [guppy/info] Successfully finished input file /home/joshl/minknow_data/script_results/Merge_Files/fastq_runid_67a0761ea992f55d7000e748e88761780ca1bb60_barcode69.fastq (154 reads)
2020-05-21 16:15:43.921836 [guppy/info] Starting input file /home/joshl/minknow_data/script_results/Merge_Files/fastq_runid_67a0761ea992f55d7000e748e88761780ca1bb60_barcode76.fastq
2020-05-21 16:15:46.511897 [guppy/info] Successfully finished input file /home/joshl/minknow_data/script_results/Merge_Files/fastq_runid_67a0761ea992f55d7000e748e88761780ca1bb60_barcode76.fastq (240 reads)
2020-05-21 16:15:46.512114 [guppy/info] Starting input file /home/joshl/minknow_data/script_results/Merge_Files/fastq_runid_67a0761ea992f55d7000e748e88761780ca1bb60_barcode57.fastq
2020-05-21 16:15:49.425565 [guppy/info] Successfully finished input file /home/joshl/minknow_data/script_results/Merge_Files/fastq_runid_67a0761ea992f55d7000e748e88761780ca1bb60_barcode57.fastq (132 reads)
2020-05-21 16:15:49.425727 [guppy/info] Starting input file /home/joshl/minknow_data/script_results/Merge_Files/fastq_runid_67a0761ea992f55d7000e748e88761780ca1bb60_barcode03.fastq
2020-05-21 16:15:50.396292 [guppy/info] Successfully finished input file /home/joshl/minknow_data/script_results/Merge_Files/fastq_runid_67a0761ea992f55d7000e748e88761780ca1bb60_barcode03.fastq (166 reads)
2020-05-21 16:15:50.396322 [guppy/info] Starting input file /home/joshl/minknow_data/script_results/Merge_Files/fastq_runid_67a0761ea992f55d7000e748e88761780ca1bb60_barcode47.fastq
2020-05-21 16:15:50.847866 [guppy/info] Successfully finished input file /home/joshl/minknow_data/script_results/Merge_Files/fastq_runid_67a0761ea992f55d7000e748e88761780ca1bb60_barcode47.fastq (181 reads)
2020-05-21 16:15:50.847899 [guppy/info] Starting input file /home/joshl/minknow_data/script_results/Merge_Files/fastq_runid_67a0761ea992f55d7000e748e88761780ca1bb60_barcode16.fastq
2020-05-21 16:15:51.166769 [guppy/info] Successfully finished input file /home/joshl/minknow_data/script_results/Merge_Files/fastq_runid_67a0761ea992f55d7000e748e88761780ca1bb60_barcode16.fastq (139 reads)
2020-05-21 16:15:51.166794 [guppy/info] Starting input file /home/joshl/minknow_data/script_results/Merge_Files/fastq_runid_67a0761ea992f55d7000e748e88761780ca1bb60_barcode10.fastq
2020-05-21 16:15:51.575081 [guppy/info] Successfully finished input file /home/joshl/minknow_data/script_results/Merge_Files/fastq_runid_67a0761ea992f55d7000e748e88761780ca1bb60_barcode10.fastq (180 reads)
2020-05-21 16:15:51.575115 [guppy/info] Starting input file /home/joshl/minknow_data/script_results/Merge_Files/fastq_runid_67a0761ea992f55d7000e748e88761780ca1bb60_barcode50.fastq
2020-05-21 16:15:51.988840 [guppy/info] Successfully finished input file /home/joshl/minknow_data/script_results/Merge_Files/fastq_runid_67a0761ea992f55d7000e748e88761780ca1bb60_barcode50.fastq (195 reads)
2020-05-21 16:15:51.988872 [guppy/info] Starting input file /home/joshl/minknow_data/script_results/Merge_Files/fastq_runid_67a0761ea992f55d7000e748e88761780ca1bb60_barcode21.fastq
2020-05-21 16:15:52.423401 [guppy/info] Successfully finished input file /home/joshl/minknow_data/script_results/Merge_Files/fastq_runid_67a0761ea992f55d7000e748e88761780ca1bb60_barcode21.fastq (186 reads)
2020-05-21 16:15:52.423428 [guppy/info] Starting input file /home/joshl/minknow_data/script_results/Merge_Files/fastq_runid_67a0761ea992f55d7000e748e88761780ca1bb60_barcode20.fastq
2020-05-21 16:15:53.147441 [guppy/info] Successfully finished input file /home/joshl/minknow_data/script_results/Merge_Files/fastq_runid_67a0761ea992f55d7000e748e88761780ca1bb60_barcode20.fastq (310 reads)
2020-05-21 16:15:53.147470 [guppy/info] Starting input file /home/joshl/minknow_data/script_results/Merge_Files/fastq_runid_67a0761ea992f55d7000e748e88761780ca1bb60_barcode91.fastq
2020-05-21 16:15:53.581705 [guppy/info] Successfully finished input file /home/joshl/minknow_data/script_results/Merge_Files/fastq_runid_67a0761ea992f55d7000e748e88761780ca1bb60_barcode91.fastq (195 reads)
2020-05-21 16:15:53.581734 [guppy/info] Starting input file /home/joshl/minknow_data/script_results/Merge_Files/fastq_runid_67a0761ea992f55d7000e748e88761780ca1bb60_barcode31.fastq
2020-05-21 16:15:53.902987 [guppy/info] Successfully finished input file /home/joshl/minknow_data/script_results/Merge_Files/fastq_runid_67a0761ea992f55d7000e748e88761780ca1bb60_barcode31.fastq (142 reads)
2020-05-21 16:15:53.903011 [guppy/info] Starting input file /home/joshl/minknow_data/script_results/Merge_Files/fastq_runid_67a0761ea992f55d7000e748e88761780ca1bb60_barcode33.fastq
2020-05-21 16:15:54.235554 [guppy/info] Successfully finished input file /home/joshl/minknow_data/script_results/Merge_Files/fastq_runid_67a0761ea992f55d7000e748e88761780ca1bb60_barcode33.fastq (150 reads)
2020-05-21 16:15:54.235583 [guppy/info] Starting input file /home/joshl/minknow_data/script_results/Merge_Files/fastq_runid_67a0761ea992f55d7000e748e88761780ca1bb60_barcode08.fastq
2020-05-21 16:15:54.941426 [guppy/info] Successfully finished input file /home/joshl/minknow_data/script_results/Merge_Files/fastq_runid_67a0761ea992f55d7000e748e88761780ca1bb60_barcode08.fastq (304 reads)
2020-05-21 16:15:54.941456 [guppy/info] Starting input file /home/joshl/minknow_data/script_results/Merge_Files/fastq_runid_67a0761ea992f55d7000e748e88761780ca1bb60_barcode11.fastq
2020-05-21 16:15:55.408254 [guppy/info] Successfully finished input file /home/joshl/minknow_data/script_results/Merge_Files/fastq_runid_67a0761ea992f55d7000e748e88761780ca1bb60_barcode11.fastq (217 reads)
2020-05-21 16:15:55.408281 [guppy/info] Starting input file /home/joshl/minknow_data/script_results/Merge_Files/fastq_runid_67a0761ea992f55d7000e748e88761780ca1bb60_barcode29.fastq
2020-05-21 16:15:55.685236 [guppy/info] Successfully finished input file /home/joshl/minknow_data/script_results/Merge_Files/fastq_runid_67a0761ea992f55d7000e748e88761780ca1bb60_barcode29.fastq (122 reads)
2020-05-21 16:15:55.685266 [guppy/info] Starting input file /home/joshl/minknow_data/script_results/Merge_Files/fastq_runid_67a0761ea992f55d7000e748e88761780ca1bb60_barcode37.fastq
2020-05-21 16:15:56.114555 [guppy/info] Successfully finished input file /home/joshl/minknow_data/script_results/Merge_Files/fastq_runid_67a0761ea992f55d7000e748e88761780ca1bb60_barcode37.fastq (194 reads)
2020-05-21 16:15:56.114596 [guppy/info] Starting input file /home/joshl/minknow_data/script_results/Merge_Files/fastq_runid_67a0761ea992f55d7000e748e88761780ca1bb60_barcode93.fastq
2020-05-21 16:15:56.374880 [guppy/info] Successfully finished input file /home/joshl/minknow_data/script_results/Merge_Files/fastq_runid_67a0761ea992f55d7000e748e88761780ca1bb60_barcode93.fastq (116 reads)
2020-05-21 16:15:56.374905 [guppy/info] Starting input file /home/joshl/minknow_data/script_results/Merge_Files/fastq_runid_67a0761ea992f55d7000e748e88761780ca1bb60_barcode82.fastq
2020-05-21 16:15:56.537140 [guppy/info] Successfully finished input file /home/joshl/minknow_data/script_results/Merge_Files/fastq_runid_67a0761ea992f55d7000e748e88761780ca1bb60_barcode82.fastq (76 reads)
2020-05-21 16:15:56.537170 [guppy/info] Starting input file /home/joshl/minknow_data/script_results/Merge_Files/fastq_runid_67a0761ea992f55d7000e748e88761780ca1bb60_barcode77.fastq
2020-05-21 16:15:56.854216 [guppy/info] Successfully finished input file /home/joshl/minknow_data/script_results/Merge_Files/fastq_runid_67a0761ea992f55d7000e748e88761780ca1bb60_barcode77.fastq (134 reads)
2020-05-21 16:15:56.854244 [guppy/info] Starting input file /home/joshl/minknow_data/script_results/Merge_Files/fastq_runid_67a0761ea992f55d7000e748e88761780ca1bb60_barcode24.fastq
2020-05-21 16:15:57.169435 [guppy/info] Successfully finished input file /home/joshl/minknow_data/script_results/Merge_Files/fastq_runid_67a0761ea992f55d7000e748e88761780ca1bb60_barcode24.fastq (146 reads)
2020-05-21 16:15:57.169468 [guppy/message] Done in 67418 ms.
