2020-05-21 15:18:17.623834 [guppy/message] ONT Guppy alignment software version 3.6.0+98ff765
input path:         /home/joshl/minknow_data/script_results/Merge_Files
save path:          /home/joshl/minknow_data/script_results/Alignment//SAM_Files
alignment ref.:     /home/joshl/minknow_data/script_results/GUPPY_ALIGNMENT_REFERENCE.txt
min. coverage:      0.6
2020-05-21 15:18:17.624109 [guppy/info] crashpad_handler not supported on this platform.
2020-05-21 15:18:17.624623 [guppy/message] Found 77 fastq files.
2020-05-21 15:18:17.624671 [guppy/info] Starting input file /home/joshl/minknow_data/script_results/Merge_Files/fastq_runid_67a0761ea992f55d7000e748e88761780ca1bb60_barcode18.fastq
2020-05-21 15:18:18.181464 [guppy/info] Successfully finished input file /home/joshl/minknow_data/script_results/Merge_Files/fastq_runid_67a0761ea992f55d7000e748e88761780ca1bb60_barcode18.fastq (173 reads)
2020-05-21 15:18:18.181498 [guppy/info] Starting input file /home/joshl/minknow_data/script_results/Merge_Files/fastq_runid_67a0761ea992f55d7000e748e88761780ca1bb60_barcode61.fastq
2020-05-21 15:18:18.498958 [guppy/info] Successfully finished input file /home/joshl/minknow_data/script_results/Merge_Files/fastq_runid_67a0761ea992f55d7000e748e88761780ca1bb60_barcode61.fastq (133 reads)
2020-05-21 15:18:18.498993 [guppy/info] Starting input file /home/joshl/minknow_data/script_results/Merge_Files/fastq_runid_67a0761ea992f55d7000e748e88761780ca1bb60_barcode17.fastq
2020-05-21 15:18:18.867394 [guppy/info] Successfully finished input file /home/joshl/minknow_data/script_results/Merge_Files/fastq_runid_67a0761ea992f55d7000e748e88761780ca1bb60_barcode17.fastq (162 reads)
2020-05-21 15:18:18.867431 [guppy/info] Starting input file /home/joshl/minknow_data/script_results/Merge_Files/fastq_runid_67a0761ea992f55d7000e748e88761780ca1bb60_barcode52.fastq
2020-05-21 15:18:19.346642 [guppy/info] Successfully finished input file /home/joshl/minknow_data/script_results/Merge_Files/fastq_runid_67a0761ea992f55d7000e748e88761780ca1bb60_barcode52.fastq (202 reads)
2020-05-21 15:18:19.346688 [guppy/info] Starting input file /home/joshl/minknow_data/script_results/Merge_Files/fastq_runid_67a0761ea992f55d7000e748e88761780ca1bb60_barcode05.fastq
2020-05-21 15:18:19.750208 [guppy/info] Successfully finished input file /home/joshl/minknow_data/script_results/Merge_Files/fastq_runid_67a0761ea992f55d7000e748e88761780ca1bb60_barcode05.fastq (178 reads)
2020-05-21 15:18:19.750234 [guppy/info] Starting input file /home/joshl/minknow_data/script_results/Merge_Files/fastq_runid_67a0761ea992f55d7000e748e88761780ca1bb60_barcode65.fastq
2020-05-21 15:18:20.037288 [guppy/info] Successfully finished input file /home/joshl/minknow_data/script_results/Merge_Files/fastq_runid_67a0761ea992f55d7000e748e88761780ca1bb60_barcode65.fastq (115 reads)
2020-05-21 15:18:20.037318 [guppy/info] Starting input file /home/joshl/minknow_data/script_results/Merge_Files/fastq_runid_67a0761ea992f55d7000e748e88761780ca1bb60_barcode81.fastq
2020-05-21 15:18:20.198870 [guppy/info] Successfully finished input file /home/joshl/minknow_data/script_results/Merge_Files/fastq_runid_67a0761ea992f55d7000e748e88761780ca1bb60_barcode81.fastq (71 reads)
2020-05-21 15:18:20.198903 [guppy/info] Starting input file /home/joshl/minknow_data/script_results/Merge_Files/fastq_runid_67a0761ea992f55d7000e748e88761780ca1bb60_barcode06.fastq
2020-05-21 15:18:20.698061 [guppy/info] Successfully finished input file /home/joshl/minknow_data/script_results/Merge_Files/fastq_runid_67a0761ea992f55d7000e748e88761780ca1bb60_barcode06.fastq (205 reads)
2020-05-21 15:18:20.698093 [guppy/info] Starting input file /home/joshl/minknow_data/script_results/Merge_Files/fastq_runid_67a0761ea992f55d7000e748e88761780ca1bb60_barcode45.fastq
2020-05-21 15:18:21.015894 [guppy/info] Successfully finished input file /home/joshl/minknow_data/script_results/Merge_Files/fastq_runid_67a0761ea992f55d7000e748e88761780ca1bb60_barcode45.fastq (129 reads)
2020-05-21 15:18:21.015926 [guppy/info] Starting input file /home/joshl/minknow_data/script_results/Merge_Files/fastq_runid_67a0761ea992f55d7000e748e88761780ca1bb60_barcode26.fastq
2020-05-21 15:18:21.380341 [guppy/info] Successfully finished input file /home/joshl/minknow_data/script_results/Merge_Files/fastq_runid_67a0761ea992f55d7000e748e88761780ca1bb60_barcode26.fastq (164 reads)
2020-05-21 15:18:21.380376 [guppy/info] Starting input file /home/joshl/minknow_data/script_results/Merge_Files/fastq_runid_67a0761ea992f55d7000e748e88761780ca1bb60_barcode40.fastq
2020-05-21 15:18:21.758591 [guppy/info] Successfully finished input file /home/joshl/minknow_data/script_results/Merge_Files/fastq_runid_67a0761ea992f55d7000e748e88761780ca1bb60_barcode40.fastq (170 reads)
2020-05-21 15:18:21.758620 [guppy/info] Starting input file /home/joshl/minknow_data/script_results/Merge_Files/fastq_runid_67a0761ea992f55d7000e748e88761780ca1bb60_barcode23.fastq
2020-05-21 15:18:22.226603 [guppy/info] Successfully finished input file /home/joshl/minknow_data/script_results/Merge_Files/fastq_runid_67a0761ea992f55d7000e748e88761780ca1bb60_barcode23.fastq (193 reads)
2020-05-21 15:18:22.226642 [guppy/info] Starting input file /home/joshl/minknow_data/script_results/Merge_Files/fastq_runid_67a0761ea992f55d7000e748e88761780ca1bb60_barcode64.fastq
2020-05-21 15:18:22.618295 [guppy/info] Successfully finished input file /home/joshl/minknow_data/script_results/Merge_Files/fastq_runid_67a0761ea992f55d7000e748e88761780ca1bb60_barcode64.fastq (170 reads)
2020-05-21 15:18:22.618330 [guppy/info] Starting input file /home/joshl/minknow_data/script_results/Merge_Files/fastq_runid_67a0761ea992f55d7000e748e88761780ca1bb60_barcode53.fastq
2020-05-21 15:18:22.921699 [guppy/info] Successfully finished input file /home/joshl/minknow_data/script_results/Merge_Files/fastq_runid_67a0761ea992f55d7000e748e88761780ca1bb60_barcode53.fastq (137 reads)
2020-05-21 15:18:22.921726 [guppy/info] Starting input file /home/joshl/minknow_data/script_results/Merge_Files/fastq_runid_67a0761ea992f55d7000e748e88761780ca1bb60_unclassified.fastq
2020-05-21 15:18:50.584998 [guppy/info] Successfully finished input file /home/joshl/minknow_data/script_results/Merge_Files/fastq_runid_67a0761ea992f55d7000e748e88761780ca1bb60_unclassified.fastq (11596 reads)
2020-05-21 15:18:50.585250 [guppy/info] Starting input file /home/joshl/minknow_data/script_results/Merge_Files/fastq_runid_67a0761ea992f55d7000e748e88761780ca1bb60_barcode13.fastq
2020-05-21 15:18:53.050082 [guppy/info] Successfully finished input file /home/joshl/minknow_data/script_results/Merge_Files/fastq_runid_67a0761ea992f55d7000e748e88761780ca1bb60_barcode13.fastq (187 reads)
2020-05-21 15:18:53.050120 [guppy/info] Starting input file /home/joshl/minknow_data/script_results/Merge_Files/fastq_runid_67a0761ea992f55d7000e748e88761780ca1bb60_barcode28.fastq
2020-05-21 15:18:53.406723 [guppy/info] Successfully finished input file /home/joshl/minknow_data/script_results/Merge_Files/fastq_runid_67a0761ea992f55d7000e748e88761780ca1bb60_barcode28.fastq (157 reads)
2020-05-21 15:18:53.406752 [guppy/info] Starting input file /home/joshl/minknow_data/script_results/Merge_Files/fastq_runid_67a0761ea992f55d7000e748e88761780ca1bb60_barcode66.fastq
2020-05-21 15:18:53.631405 [guppy/info] Successfully finished input file /home/joshl/minknow_data/script_results/Merge_Files/fastq_runid_67a0761ea992f55d7000e748e88761780ca1bb60_barcode66.fastq (101 reads)
2020-05-21 15:18:53.631442 [guppy/info] Starting input file /home/joshl/minknow_data/script_results/Merge_Files/fastq_runid_67a0761ea992f55d7000e748e88761780ca1bb60_barcode67.fastq
2020-05-21 15:18:53.995030 [guppy/info] Successfully finished input file /home/joshl/minknow_data/script_results/Merge_Files/fastq_runid_67a0761ea992f55d7000e748e88761780ca1bb60_barcode67.fastq (162 reads)
2020-05-21 15:18:53.995061 [guppy/info] Starting input file /home/joshl/minknow_data/script_results/Merge_Files/fastq_runid_67a0761ea992f55d7000e748e88761780ca1bb60_barcode83.fastq
2020-05-21 15:18:54.189764 [guppy/info] Successfully finished input file /home/joshl/minknow_data/script_results/Merge_Files/fastq_runid_67a0761ea992f55d7000e748e88761780ca1bb60_barcode83.fastq (91 reads)
2020-05-21 15:18:54.189808 [guppy/info] Starting input file /home/joshl/minknow_data/script_results/Merge_Files/fastq_runid_67a0761ea992f55d7000e748e88761780ca1bb60_barcode90.fastq
2020-05-21 15:18:54.641174 [guppy/info] Successfully finished input file /home/joshl/minknow_data/script_results/Merge_Files/fastq_runid_67a0761ea992f55d7000e748e88761780ca1bb60_barcode90.fastq (188 reads)
2020-05-21 15:18:54.641213 [guppy/info] Starting input file /home/joshl/minknow_data/script_results/Merge_Files/fastq_runid_67a0761ea992f55d7000e748e88761780ca1bb60_barcode36.fastq
2020-05-21 15:18:55.031094 [guppy/info] Successfully finished input file /home/joshl/minknow_data/script_results/Merge_Files/fastq_runid_67a0761ea992f55d7000e748e88761780ca1bb60_barcode36.fastq (180 reads)
2020-05-21 15:18:55.031123 [guppy/info] Starting input file /home/joshl/minknow_data/script_results/Merge_Files/fastq_runid_67a0761ea992f55d7000e748e88761780ca1bb60_barcode02.fastq
2020-05-21 15:18:55.415859 [guppy/info] Successfully finished input file /home/joshl/minknow_data/script_results/Merge_Files/fastq_runid_67a0761ea992f55d7000e748e88761780ca1bb60_barcode02.fastq (169 reads)
2020-05-21 15:18:55.415894 [guppy/info] Starting input file /home/joshl/minknow_data/script_results/Merge_Files/fastq_runid_67a0761ea992f55d7000e748e88761780ca1bb60_barcode12.fastq
2020-05-21 15:18:55.723384 [guppy/info] Successfully finished input file /home/joshl/minknow_data/script_results/Merge_Files/fastq_runid_67a0761ea992f55d7000e748e88761780ca1bb60_barcode12.fastq (130 reads)
2020-05-21 15:18:55.723420 [guppy/info] Starting input file /home/joshl/minknow_data/script_results/Merge_Files/fastq_runid_67a0761ea992f55d7000e748e88761780ca1bb60_barcode09.fastq
2020-05-21 15:18:56.168322 [guppy/info] Successfully finished input file /home/joshl/minknow_data/script_results/Merge_Files/fastq_runid_67a0761ea992f55d7000e748e88761780ca1bb60_barcode09.fastq (189 reads)
2020-05-21 15:18:56.168355 [guppy/info] Starting input file /home/joshl/minknow_data/script_results/Merge_Files/fastq_runid_67a0761ea992f55d7000e748e88761780ca1bb60_barcode22.fastq
2020-05-21 15:18:56.582602 [guppy/info] Successfully finished input file /home/joshl/minknow_data/script_results/Merge_Files/fastq_runid_67a0761ea992f55d7000e748e88761780ca1bb60_barcode22.fastq (178 reads)
2020-05-21 15:18:56.582634 [guppy/info] Starting input file /home/joshl/minknow_data/script_results/Merge_Files/fastq_runid_67a0761ea992f55d7000e748e88761780ca1bb60_barcode95.fastq
2020-05-21 15:18:57.012319 [guppy/info] Successfully finished input file /home/joshl/minknow_data/script_results/Merge_Files/fastq_runid_67a0761ea992f55d7000e748e88761780ca1bb60_barcode95.fastq (186 reads)
2020-05-21 15:18:57.012359 [guppy/info] Starting input file /home/joshl/minknow_data/script_results/Merge_Files/fastq_runid_67a0761ea992f55d7000e748e88761780ca1bb60_barcode39.fastq
2020-05-21 15:18:57.340835 [guppy/info] Successfully finished input file /home/joshl/minknow_data/script_results/Merge_Files/fastq_runid_67a0761ea992f55d7000e748e88761780ca1bb60_barcode39.fastq (147 reads)
2020-05-21 15:18:57.340866 [guppy/info] Starting input file /home/joshl/minknow_data/script_results/Merge_Files/fastq_runid_67a0761ea992f55d7000e748e88761780ca1bb60_barcode59.fastq
2020-05-21 15:18:57.697627 [guppy/info] Successfully finished input file /home/joshl/minknow_data/script_results/Merge_Files/fastq_runid_67a0761ea992f55d7000e748e88761780ca1bb60_barcode59.fastq (157 reads)
2020-05-21 15:18:57.697661 [guppy/info] Starting input file /home/joshl/minknow_data/script_results/Merge_Files/fastq_runid_67a0761ea992f55d7000e748e88761780ca1bb60_barcode63.fastq
2020-05-21 15:18:58.084172 [guppy/info] Successfully finished input file /home/joshl/minknow_data/script_results/Merge_Files/fastq_runid_67a0761ea992f55d7000e748e88761780ca1bb60_barcode63.fastq (189 reads)
2020-05-21 15:18:58.084210 [guppy/info] Starting input file /home/joshl/minknow_data/script_results/Merge_Files/fastq_runid_67a0761ea992f55d7000e748e88761780ca1bb60_barcode54.fastq
2020-05-21 15:18:58.325672 [guppy/info] Successfully finished input file /home/joshl/minknow_data/script_results/Merge_Files/fastq_runid_67a0761ea992f55d7000e748e88761780ca1bb60_barcode54.fastq (111 reads)
2020-05-21 15:18:58.325703 [guppy/info] Starting input file /home/joshl/minknow_data/script_results/Merge_Files/fastq_runid_67a0761ea992f55d7000e748e88761780ca1bb60_barcode55.fastq
2020-05-21 15:18:58.731816 [guppy/info] Successfully finished input file /home/joshl/minknow_data/script_results/Merge_Files/fastq_runid_67a0761ea992f55d7000e748e88761780ca1bb60_barcode55.fastq (178 reads)
2020-05-21 15:18:58.731848 [guppy/info] Starting input file /home/joshl/minknow_data/script_results/Merge_Files/fastq_runid_67a0761ea992f55d7000e748e88761780ca1bb60_barcode14.fastq
2020-05-21 15:18:59.116729 [guppy/info] Successfully finished input file /home/joshl/minknow_data/script_results/Merge_Files/fastq_runid_67a0761ea992f55d7000e748e88761780ca1bb60_barcode14.fastq (180 reads)
2020-05-21 15:18:59.116761 [guppy/info] Starting input file /home/joshl/minknow_data/script_results/Merge_Files/fastq_runid_67a0761ea992f55d7000e748e88761780ca1bb60_barcode51.fastq
2020-05-21 15:18:59.466114 [guppy/info] Successfully finished input file /home/joshl/minknow_data/script_results/Merge_Files/fastq_runid_67a0761ea992f55d7000e748e88761780ca1bb60_barcode51.fastq (154 reads)
2020-05-21 15:18:59.466142 [guppy/info] Starting input file /home/joshl/minknow_data/script_results/Merge_Files/fastq_runid_67a0761ea992f55d7000e748e88761780ca1bb60_barcode38.fastq
2020-05-21 15:18:59.835672 [guppy/info] Successfully finished input file /home/joshl/minknow_data/script_results/Merge_Files/fastq_runid_67a0761ea992f55d7000e748e88761780ca1bb60_barcode38.fastq (170 reads)
2020-05-21 15:18:59.835704 [guppy/info] Starting input file /home/joshl/minknow_data/script_results/Merge_Files/fastq_runid_67a0761ea992f55d7000e748e88761780ca1bb60_barcode89.fastq
2020-05-21 15:19:00.158897 [guppy/info] Successfully finished input file /home/joshl/minknow_data/script_results/Merge_Files/fastq_runid_67a0761ea992f55d7000e748e88761780ca1bb60_barcode89.fastq (148 reads)
2020-05-21 15:19:00.158934 [guppy/info] Starting input file /home/joshl/minknow_data/script_results/Merge_Files/fastq_runid_67a0761ea992f55d7000e748e88761780ca1bb60_barcode79.fastq
2020-05-21 15:19:00.620525 [guppy/info] Successfully finished input file /home/joshl/minknow_data/script_results/Merge_Files/fastq_runid_67a0761ea992f55d7000e748e88761780ca1bb60_barcode79.fastq (207 reads)
2020-05-21 15:19:00.620555 [guppy/info] Starting input file /home/joshl/minknow_data/script_results/Merge_Files/fastq_runid_67a0761ea992f55d7000e748e88761780ca1bb60_barcode60.fastq
2020-05-21 15:19:00.949483 [guppy/info] Successfully finished input file /home/joshl/minknow_data/script_results/Merge_Files/fastq_runid_67a0761ea992f55d7000e748e88761780ca1bb60_barcode60.fastq (240 reads)
2020-05-21 15:19:00.949513 [guppy/info] Starting input file /home/joshl/minknow_data/script_results/Merge_Files/fastq_runid_67a0761ea992f55d7000e748e88761780ca1bb60_barcode49.fastq
2020-05-21 15:19:01.316396 [guppy/info] Successfully finished input file /home/joshl/minknow_data/script_results/Merge_Files/fastq_runid_67a0761ea992f55d7000e748e88761780ca1bb60_barcode49.fastq (161 reads)
2020-05-21 15:19:01.316426 [guppy/info] Starting input file /home/joshl/minknow_data/script_results/Merge_Files/fastq_runid_67a0761ea992f55d7000e748e88761780ca1bb60_barcode56.fastq
2020-05-21 15:19:01.687634 [guppy/info] Successfully finished input file /home/joshl/minknow_data/script_results/Merge_Files/fastq_runid_67a0761ea992f55d7000e748e88761780ca1bb60_barcode56.fastq (263 reads)
2020-05-21 15:19:01.687666 [guppy/info] Starting input file /home/joshl/minknow_data/script_results/Merge_Files/fastq_runid_67a0761ea992f55d7000e748e88761780ca1bb60_barcode85.fastq
2020-05-21 15:19:01.692229 [guppy/info] Successfully finished input file /home/joshl/minknow_data/script_results/Merge_Files/fastq_runid_67a0761ea992f55d7000e748e88761780ca1bb60_barcode85.fastq (1 reads)
2020-05-21 15:19:01.692253 [guppy/info] Starting input file /home/joshl/minknow_data/script_results/Merge_Files/fastq_runid_67a0761ea992f55d7000e748e88761780ca1bb60_barcode27.fastq
2020-05-21 15:19:02.107863 [guppy/info] Successfully finished input file /home/joshl/minknow_data/script_results/Merge_Files/fastq_runid_67a0761ea992f55d7000e748e88761780ca1bb60_barcode27.fastq (182 reads)
2020-05-21 15:19:02.107891 [guppy/info] Starting input file /home/joshl/minknow_data/script_results/Merge_Files/fastq_runid_67a0761ea992f55d7000e748e88761780ca1bb60_barcode42.fastq
2020-05-21 15:19:02.414359 [guppy/info] Successfully finished input file /home/joshl/minknow_data/script_results/Merge_Files/fastq_runid_67a0761ea992f55d7000e748e88761780ca1bb60_barcode42.fastq (134 reads)
2020-05-21 15:19:02.414394 [guppy/info] Starting input file /home/joshl/minknow_data/script_results/Merge_Files/fastq_runid_67a0761ea992f55d7000e748e88761780ca1bb60_barcode41.fastq
2020-05-21 15:19:02.623374 [guppy/info] Successfully finished input file /home/joshl/minknow_data/script_results/Merge_Files/fastq_runid_67a0761ea992f55d7000e748e88761780ca1bb60_barcode41.fastq (101 reads)
2020-05-21 15:19:02.623402 [guppy/info] Starting input file /home/joshl/minknow_data/script_results/Merge_Files/fastq_runid_67a0761ea992f55d7000e748e88761780ca1bb60_barcode46.fastq
2020-05-21 15:19:02.877506 [guppy/info] Successfully finished input file /home/joshl/minknow_data/script_results/Merge_Files/fastq_runid_67a0761ea992f55d7000e748e88761780ca1bb60_barcode46.fastq (100 reads)
2020-05-21 15:19:02.877533 [guppy/info] Starting input file /home/joshl/minknow_data/script_results/Merge_Files/fastq_runid_67a0761ea992f55d7000e748e88761780ca1bb60_barcode25.fastq
2020-05-21 15:19:06.119807 [guppy/info] Successfully finished input file /home/joshl/minknow_data/script_results/Merge_Files/fastq_runid_67a0761ea992f55d7000e748e88761780ca1bb60_barcode25.fastq (196 reads)
2020-05-21 15:19:06.120041 [guppy/info] Starting input file /home/joshl/minknow_data/script_results/Merge_Files/fastq_runid_67a0761ea992f55d7000e748e88761780ca1bb60_barcode01.fastq
2020-05-21 15:19:09.152777 [guppy/info] Successfully finished input file /home/joshl/minknow_data/script_results/Merge_Files/fastq_runid_67a0761ea992f55d7000e748e88761780ca1bb60_barcode01.fastq (179 reads)
2020-05-21 15:19:09.152813 [guppy/info] Starting input file /home/joshl/minknow_data/script_results/Merge_Files/fastq_runid_67a0761ea992f55d7000e748e88761780ca1bb60_barcode32.fastq
2020-05-21 15:19:09.693319 [guppy/info] Successfully finished input file /home/joshl/minknow_data/script_results/Merge_Files/fastq_runid_67a0761ea992f55d7000e748e88761780ca1bb60_barcode32.fastq (232 reads)
2020-05-21 15:19:09.693349 [guppy/info] Starting input file /home/joshl/minknow_data/script_results/Merge_Files/fastq_runid_67a0761ea992f55d7000e748e88761780ca1bb60_barcode62.fastq
2020-05-21 15:19:09.982750 [guppy/info] Successfully finished input file /home/joshl/minknow_data/script_results/Merge_Files/fastq_runid_67a0761ea992f55d7000e748e88761780ca1bb60_barcode62.fastq (136 reads)
2020-05-21 15:19:09.982787 [guppy/info] Starting input file /home/joshl/minknow_data/script_results/Merge_Files/fastq_runid_67a0761ea992f55d7000e748e88761780ca1bb60_barcode35.fastq
2020-05-21 15:19:10.427864 [guppy/info] Successfully finished input file /home/joshl/minknow_data/script_results/Merge_Files/fastq_runid_67a0761ea992f55d7000e748e88761780ca1bb60_barcode35.fastq (206 reads)
2020-05-21 15:19:10.427902 [guppy/info] Starting input file /home/joshl/minknow_data/script_results/Merge_Files/fastq_runid_67a0761ea992f55d7000e748e88761780ca1bb60_barcode70.fastq
2020-05-21 15:19:10.637648 [guppy/info] Successfully finished input file /home/joshl/minknow_data/script_results/Merge_Files/fastq_runid_67a0761ea992f55d7000e748e88761780ca1bb60_barcode70.fastq (100 reads)
2020-05-21 15:19:10.637682 [guppy/info] Starting input file /home/joshl/minknow_data/script_results/Merge_Files/fastq_runid_67a0761ea992f55d7000e748e88761780ca1bb60_barcode58.fastq
2020-05-21 15:19:10.922047 [guppy/info] Successfully finished input file /home/joshl/minknow_data/script_results/Merge_Files/fastq_runid_67a0761ea992f55d7000e748e88761780ca1bb60_barcode58.fastq (110 reads)
2020-05-21 15:19:10.922084 [guppy/info] Starting input file /home/joshl/minknow_data/script_results/Merge_Files/fastq_runid_67a0761ea992f55d7000e748e88761780ca1bb60_barcode07.fastq
2020-05-21 15:19:11.387520 [guppy/info] Successfully finished input file /home/joshl/minknow_data/script_results/Merge_Files/fastq_runid_67a0761ea992f55d7000e748e88761780ca1bb60_barcode07.fastq (208 reads)
2020-05-21 15:19:11.387553 [guppy/info] Starting input file /home/joshl/minknow_data/script_results/Merge_Files/fastq_runid_67a0761ea992f55d7000e748e88761780ca1bb60_barcode78.fastq
2020-05-21 15:19:11.551207 [guppy/info] Successfully finished input file /home/joshl/minknow_data/script_results/Merge_Files/fastq_runid_67a0761ea992f55d7000e748e88761780ca1bb60_barcode78.fastq (79 reads)
2020-05-21 15:19:11.551234 [guppy/info] Starting input file /home/joshl/minknow_data/script_results/Merge_Files/fastq_runid_67a0761ea992f55d7000e748e88761780ca1bb60_barcode15.fastq
2020-05-21 15:19:11.940220 [guppy/info] Successfully finished input file /home/joshl/minknow_data/script_results/Merge_Files/fastq_runid_67a0761ea992f55d7000e748e88761780ca1bb60_barcode15.fastq (165 reads)
2020-05-21 15:19:11.940255 [guppy/info] Starting input file /home/joshl/minknow_data/script_results/Merge_Files/fastq_runid_67a0761ea992f55d7000e748e88761780ca1bb60_barcode04.fastq
2020-05-21 15:19:12.306614 [guppy/info] Successfully finished input file /home/joshl/minknow_data/script_results/Merge_Files/fastq_runid_67a0761ea992f55d7000e748e88761780ca1bb60_barcode04.fastq (171 reads)
2020-05-21 15:19:12.306652 [guppy/info] Starting input file /home/joshl/minknow_data/script_results/Merge_Files/fastq_runid_67a0761ea992f55d7000e748e88761780ca1bb60_barcode69.fastq
2020-05-21 15:19:12.666531 [guppy/info] Successfully finished input file /home/joshl/minknow_data/script_results/Merge_Files/fastq_runid_67a0761ea992f55d7000e748e88761780ca1bb60_barcode69.fastq (154 reads)
2020-05-21 15:19:12.666561 [guppy/info] Starting input file /home/joshl/minknow_data/script_results/Merge_Files/fastq_runid_67a0761ea992f55d7000e748e88761780ca1bb60_barcode76.fastq
2020-05-21 15:19:12.991618 [guppy/info] Successfully finished input file /home/joshl/minknow_data/script_results/Merge_Files/fastq_runid_67a0761ea992f55d7000e748e88761780ca1bb60_barcode76.fastq (240 reads)
2020-05-21 15:19:12.991650 [guppy/info] Starting input file /home/joshl/minknow_data/script_results/Merge_Files/fastq_runid_67a0761ea992f55d7000e748e88761780ca1bb60_barcode57.fastq
2020-05-21 15:19:13.281925 [guppy/info] Successfully finished input file /home/joshl/minknow_data/script_results/Merge_Files/fastq_runid_67a0761ea992f55d7000e748e88761780ca1bb60_barcode57.fastq (132 reads)
2020-05-21 15:19:13.281955 [guppy/info] Starting input file /home/joshl/minknow_data/script_results/Merge_Files/fastq_runid_67a0761ea992f55d7000e748e88761780ca1bb60_barcode03.fastq
2020-05-21 15:19:13.650048 [guppy/info] Successfully finished input file /home/joshl/minknow_data/script_results/Merge_Files/fastq_runid_67a0761ea992f55d7000e748e88761780ca1bb60_barcode03.fastq (166 reads)
2020-05-21 15:19:13.650081 [guppy/info] Starting input file /home/joshl/minknow_data/script_results/Merge_Files/fastq_runid_67a0761ea992f55d7000e748e88761780ca1bb60_barcode47.fastq
2020-05-21 15:19:14.095748 [guppy/info] Successfully finished input file /home/joshl/minknow_data/script_results/Merge_Files/fastq_runid_67a0761ea992f55d7000e748e88761780ca1bb60_barcode47.fastq (181 reads)
2020-05-21 15:19:14.095784 [guppy/info] Starting input file /home/joshl/minknow_data/script_results/Merge_Files/fastq_runid_67a0761ea992f55d7000e748e88761780ca1bb60_barcode16.fastq
2020-05-21 15:19:14.410448 [guppy/info] Successfully finished input file /home/joshl/minknow_data/script_results/Merge_Files/fastq_runid_67a0761ea992f55d7000e748e88761780ca1bb60_barcode16.fastq (139 reads)
2020-05-21 15:19:14.410474 [guppy/info] Starting input file /home/joshl/minknow_data/script_results/Merge_Files/fastq_runid_67a0761ea992f55d7000e748e88761780ca1bb60_barcode10.fastq
2020-05-21 15:19:14.811729 [guppy/info] Successfully finished input file /home/joshl/minknow_data/script_results/Merge_Files/fastq_runid_67a0761ea992f55d7000e748e88761780ca1bb60_barcode10.fastq (180 reads)
2020-05-21 15:19:14.811765 [guppy/info] Starting input file /home/joshl/minknow_data/script_results/Merge_Files/fastq_runid_67a0761ea992f55d7000e748e88761780ca1bb60_barcode50.fastq
2020-05-21 15:19:15.227840 [guppy/info] Successfully finished input file /home/joshl/minknow_data/script_results/Merge_Files/fastq_runid_67a0761ea992f55d7000e748e88761780ca1bb60_barcode50.fastq (195 reads)
2020-05-21 15:19:15.227876 [guppy/info] Starting input file /home/joshl/minknow_data/script_results/Merge_Files/fastq_runid_67a0761ea992f55d7000e748e88761780ca1bb60_barcode21.fastq
2020-05-21 15:19:15.654709 [guppy/info] Successfully finished input file /home/joshl/minknow_data/script_results/Merge_Files/fastq_runid_67a0761ea992f55d7000e748e88761780ca1bb60_barcode21.fastq (186 reads)
2020-05-21 15:19:15.654741 [guppy/info] Starting input file /home/joshl/minknow_data/script_results/Merge_Files/fastq_runid_67a0761ea992f55d7000e748e88761780ca1bb60_barcode20.fastq
2020-05-21 15:19:16.373390 [guppy/info] Successfully finished input file /home/joshl/minknow_data/script_results/Merge_Files/fastq_runid_67a0761ea992f55d7000e748e88761780ca1bb60_barcode20.fastq (310 reads)
2020-05-21 15:19:16.373426 [guppy/info] Starting input file /home/joshl/minknow_data/script_results/Merge_Files/fastq_runid_67a0761ea992f55d7000e748e88761780ca1bb60_barcode91.fastq
2020-05-21 15:19:16.804726 [guppy/info] Successfully finished input file /home/joshl/minknow_data/script_results/Merge_Files/fastq_runid_67a0761ea992f55d7000e748e88761780ca1bb60_barcode91.fastq (195 reads)
2020-05-21 15:19:16.804760 [guppy/info] Starting input file /home/joshl/minknow_data/script_results/Merge_Files/fastq_runid_67a0761ea992f55d7000e748e88761780ca1bb60_barcode31.fastq
2020-05-21 15:19:17.126820 [guppy/info] Successfully finished input file /home/joshl/minknow_data/script_results/Merge_Files/fastq_runid_67a0761ea992f55d7000e748e88761780ca1bb60_barcode31.fastq (142 reads)
2020-05-21 15:19:17.126850 [guppy/info] Starting input file /home/joshl/minknow_data/script_results/Merge_Files/fastq_runid_67a0761ea992f55d7000e748e88761780ca1bb60_barcode33.fastq
2020-05-21 15:19:17.455509 [guppy/info] Successfully finished input file /home/joshl/minknow_data/script_results/Merge_Files/fastq_runid_67a0761ea992f55d7000e748e88761780ca1bb60_barcode33.fastq (150 reads)
2020-05-21 15:19:17.455542 [guppy/info] Starting input file /home/joshl/minknow_data/script_results/Merge_Files/fastq_runid_67a0761ea992f55d7000e748e88761780ca1bb60_barcode08.fastq
2020-05-21 15:19:18.156622 [guppy/info] Successfully finished input file /home/joshl/minknow_data/script_results/Merge_Files/fastq_runid_67a0761ea992f55d7000e748e88761780ca1bb60_barcode08.fastq (304 reads)
2020-05-21 15:19:18.156657 [guppy/info] Starting input file /home/joshl/minknow_data/script_results/Merge_Files/fastq_runid_67a0761ea992f55d7000e748e88761780ca1bb60_barcode11.fastq
2020-05-21 15:19:18.622009 [guppy/info] Successfully finished input file /home/joshl/minknow_data/script_results/Merge_Files/fastq_runid_67a0761ea992f55d7000e748e88761780ca1bb60_barcode11.fastq (217 reads)
2020-05-21 15:19:18.622035 [guppy/info] Starting input file /home/joshl/minknow_data/script_results/Merge_Files/fastq_runid_67a0761ea992f55d7000e748e88761780ca1bb60_barcode29.fastq
2020-05-21 15:19:18.893605 [guppy/info] Successfully finished input file /home/joshl/minknow_data/script_results/Merge_Files/fastq_runid_67a0761ea992f55d7000e748e88761780ca1bb60_barcode29.fastq (122 reads)
2020-05-21 15:19:18.893641 [guppy/info] Starting input file /home/joshl/minknow_data/script_results/Merge_Files/fastq_runid_67a0761ea992f55d7000e748e88761780ca1bb60_barcode37.fastq
2020-05-21 15:19:20.514488 [guppy/info] Successfully finished input file /home/joshl/minknow_data/script_results/Merge_Files/fastq_runid_67a0761ea992f55d7000e748e88761780ca1bb60_barcode37.fastq (194 reads)
2020-05-21 15:19:20.514756 [guppy/info] Starting input file /home/joshl/minknow_data/script_results/Merge_Files/fastq_runid_67a0761ea992f55d7000e748e88761780ca1bb60_barcode93.fastq
2020-05-21 15:19:22.881935 [guppy/info] Successfully finished input file /home/joshl/minknow_data/script_results/Merge_Files/fastq_runid_67a0761ea992f55d7000e748e88761780ca1bb60_barcode93.fastq (116 reads)
2020-05-21 15:19:22.882169 [guppy/info] Starting input file /home/joshl/minknow_data/script_results/Merge_Files/fastq_runid_67a0761ea992f55d7000e748e88761780ca1bb60_barcode82.fastq
2020-05-21 15:19:24.673229 [guppy/info] Successfully finished input file /home/joshl/minknow_data/script_results/Merge_Files/fastq_runid_67a0761ea992f55d7000e748e88761780ca1bb60_barcode82.fastq (76 reads)
2020-05-21 15:19:24.673524 [guppy/info] Starting input file /home/joshl/minknow_data/script_results/Merge_Files/fastq_runid_67a0761ea992f55d7000e748e88761780ca1bb60_barcode77.fastq
2020-05-21 15:19:25.609221 [guppy/info] Successfully finished input file /home/joshl/minknow_data/script_results/Merge_Files/fastq_runid_67a0761ea992f55d7000e748e88761780ca1bb60_barcode77.fastq (134 reads)
2020-05-21 15:19:25.609250 [guppy/info] Starting input file /home/joshl/minknow_data/script_results/Merge_Files/fastq_runid_67a0761ea992f55d7000e748e88761780ca1bb60_barcode24.fastq
2020-05-21 15:19:25.964504 [guppy/info] Successfully finished input file /home/joshl/minknow_data/script_results/Merge_Files/fastq_runid_67a0761ea992f55d7000e748e88761780ca1bb60_barcode24.fastq (146 reads)
2020-05-21 15:19:25.964540 [guppy/message] Done in 68340 ms.
